<?xml version="1.0" encoding="UTF-8"?>
<coverage generated="1770462198040" clover="3.2.0">
  <project timestamp="1770462198040" name="All files">
    <metrics statements="424" coveredstatements="0" conditionals="329" coveredconditionals="0" methods="262" coveredmethods="0" elements="1015" coveredelements="0" complexity="0" loc="424" ncloc="424" packages="1" files="44" classes="44"/>
    <file name="accordion.tsx" path="/Users/zhangqm/frontend/gapi/src/components/ui/accordion.tsx">
      <metrics statements="4" coveredstatements="0" conditionals="0" coveredconditionals="0" methods="4" coveredmethods="0"/>
      <line num="9" count="0" type="stmt"/>
      <line num="16" count="0" type="stmt"/>
      <line num="30" count="0" type="stmt"/>
      <line num="52" count="0" type="stmt"/>
    </file>
    <file name="alert-dialog.tsx" path="/Users/zhangqm/frontend/gapi/src/components/ui/alert-dialog.tsx">
      <metrics statements="12" coveredstatements="0" conditionals="5" coveredconditionals="0" methods="12" coveredmethods="0"/>
      <line num="9" count="0" type="stmt"/>
      <line num="15" count="0" type="stmt"/>
      <line num="19" count="0" type="stmt"/>
      <line num="26" count="0" type="stmt"/>
      <line num="45" count="0" type="stmt"/>
      <line num="62" count="0" type="stmt"/>
      <line num="75" count="0" type="stmt"/>
      <line num="91" count="0" type="stmt"/>
      <line num="107" count="0" type="stmt"/>
      <line num="117" count="0" type="stmt"/>
      <line num="136" count="0" type="stmt"/>
      <line num="154" count="0" type="stmt"/>
    </file>
    <file name="alert.tsx" path="/Users/zhangqm/frontend/gapi/src/components/ui/alert.tsx">
      <metrics statements="4" coveredstatements="0" conditionals="0" coveredconditionals="0" methods="3" coveredmethods="0"/>
      <line num="7" count="0" type="stmt"/>
      <line num="28" count="0" type="stmt"/>
      <line num="39" count="0" type="stmt"/>
      <line num="49" count="0" type="stmt"/>
    </file>
    <file name="aspect-ratio.tsx" path="/Users/zhangqm/frontend/gapi/src/components/ui/aspect-ratio.tsx">
      <metrics statements="1" coveredstatements="0" conditionals="0" coveredconditionals="0" methods="1" coveredmethods="0"/>
      <line num="4" count="0" type="stmt"/>
    </file>
    <file name="avatar.tsx" path="/Users/zhangqm/frontend/gapi/src/components/ui/avatar.tsx">
      <metrics statements="6" coveredstatements="0" conditionals="1" coveredconditionals="0" methods="6" coveredmethods="0"/>
      <line num="14" count="0" type="stmt"/>
      <line num="28" count="0" type="stmt"/>
      <line num="41" count="0" type="stmt"/>
      <line num="54" count="0" type="stmt"/>
      <line num="70" count="0" type="stmt"/>
      <line num="83" count="0" type="stmt"/>
    </file>
    <file name="badge.tsx" path="/Users/zhangqm/frontend/gapi/src/components/ui/badge.tsx">
      <metrics statements="3" coveredstatements="0" conditionals="4" coveredconditionals="0" methods="1" coveredmethods="0"/>
      <line num="8" count="0" type="stmt"/>
      <line num="35" count="0" type="cond" truecount="0" falsecount="2"/>
      <line num="37" count="0" type="stmt"/>
    </file>
    <file name="breadcrumb.tsx" path="/Users/zhangqm/frontend/gapi/src/components/ui/breadcrumb.tsx">
      <metrics statements="8" coveredstatements="0" conditionals="4" coveredconditionals="0" methods="7" coveredmethods="0"/>
      <line num="9" count="0" type="stmt"/>
      <line num="13" count="0" type="stmt"/>
      <line num="26" count="0" type="stmt"/>
      <line num="42" count="0" type="cond" truecount="0" falsecount="2"/>
      <line num="44" count="0" type="stmt"/>
      <line num="54" count="0" type="stmt"/>
      <line num="67" count="0" type="stmt"/>
      <line num="81" count="0" type="stmt"/>
    </file>
    <file name="button.tsx" path="/Users/zhangqm/frontend/gapi/src/components/ui/button.tsx">
      <metrics statements="3" coveredstatements="0" conditionals="5" coveredconditionals="0" methods="1" coveredmethods="0"/>
      <line num="8" count="0" type="stmt"/>
      <line num="50" count="0" type="cond" truecount="0" falsecount="2"/>
      <line num="52" count="0" type="stmt"/>
    </file>
    <file name="calendar.tsx" path="/Users/zhangqm/frontend/gapi/src/components/ui/calendar.tsx">
      <metrics statements="15" coveredstatements="0" conditionals="17" coveredconditionals="0" methods="7" coveredmethods="0"/>
      <line num="21" count="0" type="stmt"/>
      <line num="23" count="0" type="stmt"/>
      <line num="34" count="0" type="stmt"/>
      <line num="111" count="0" type="stmt"/>
      <line num="114" count="0" type="cond" truecount="0" falsecount="2"/>
      <line num="115" count="0" type="stmt"/>
      <line num="118" count="0" type="cond" truecount="0" falsecount="2"/>
      <line num="119" count="0" type="stmt"/>
      <line num="122" count="0" type="stmt"/>
      <line num="126" count="0" type="stmt"/>
      <line num="147" count="0" type="stmt"/>
      <line num="149" count="0" type="stmt"/>
      <line num="150" count="0" type="stmt"/>
      <line num="151" count="0" type="cond" truecount="0" falsecount="2"/>
      <line num="154" count="0" type="stmt"/>
    </file>
    <file name="card.tsx" path="/Users/zhangqm/frontend/gapi/src/components/ui/card.tsx">
      <metrics statements="7" coveredstatements="0" conditionals="0" coveredconditionals="0" methods="7" coveredmethods="0"/>
      <line num="6" count="0" type="stmt"/>
      <line num="19" count="0" type="stmt"/>
      <line num="32" count="0" type="stmt"/>
      <line num="42" count="0" type="stmt"/>
      <line num="52" count="0" type="stmt"/>
      <line num="62" count="0" type="stmt"/>
      <line num="66" count="0" type="stmt"/>
    </file>
    <file name="carousel.tsx" path="/Users/zhangqm/frontend/gapi/src/components/ui/carousel.tsx">
      <metrics statements="42" coveredstatements="0" conditionals="33" coveredconditionals="0" methods="13" coveredmethods="0"/>
      <line num="30" count="0" type="stmt"/>
      <line num="33" count="0" type="stmt"/>
      <line num="35" count="0" type="cond" truecount="0" falsecount="2"/>
      <line num="36" count="0" type="stmt"/>
      <line num="39" count="0" type="stmt"/>
      <line num="51" count="0" type="stmt"/>
      <line num="58" count="0" type="stmt"/>
      <line num="59" count="0" type="stmt"/>
      <line num="61" count="0" type="stmt"/>
      <line num="62" count="0" type="cond" truecount="0" falsecount="2"/>
      <line num="63" count="0" type="stmt"/>
      <line num="64" count="0" type="stmt"/>
      <line num="67" count="0" type="stmt"/>
      <line num="68" count="0" type="stmt"/>
      <line num="71" count="0" type="stmt"/>
      <line num="72" count="0" type="stmt"/>
      <line num="75" count="0" type="stmt"/>
      <line num="77" count="0" type="cond" truecount="0" falsecount="2"/>
      <line num="78" count="0" type="stmt"/>
      <line num="79" count="0" type="stmt"/>
      <line num="80" count="0" type="cond" truecount="0" falsecount="2"/>
      <line num="81" count="0" type="stmt"/>
      <line num="82" count="0" type="stmt"/>
      <line num="88" count="0" type="stmt"/>
      <line num="89" count="0" type="cond" truecount="0" falsecount="4"/>
      <line num="90" count="0" type="stmt"/>
      <line num="93" count="0" type="stmt"/>
      <line num="94" count="0" type="cond" truecount="0" falsecount="2"/>
      <line num="95" count="0" type="stmt"/>
      <line num="96" count="0" type="stmt"/>
      <line num="97" count="0" type="stmt"/>
      <line num="99" count="0" type="stmt"/>
      <line num="100" count="0" type="stmt"/>
      <line num="104" count="0" type="stmt"/>
      <line num="132" count="0" type="stmt"/>
      <line num="134" count="0" type="stmt"/>
      <line num="145" count="0" type="stmt"/>
      <line num="147" count="0" type="stmt"/>
      <line num="168" count="0" type="stmt"/>
      <line num="170" count="0" type="stmt"/>
      <line num="198" count="0" type="stmt"/>
      <line num="200" count="0" type="stmt"/>
    </file>
    <file name="chart.tsx" path="/Users/zhangqm/frontend/gapi/src/components/ui/chart.tsx">
      <metrics statements="58" coveredstatements="0" conditionals="102" coveredconditionals="0" methods="14" coveredmethods="0"/>
      <line num="8" count="0" type="stmt"/>
      <line num="24" count="0" type="stmt"/>
      <line num="27" count="0" type="stmt"/>
      <line num="29" count="0" type="cond" truecount="0" falsecount="2"/>
      <line num="30" count="0" type="stmt"/>
      <line num="33" count="0" type="stmt"/>
      <line num="46" count="0" type="stmt"/>
      <line num="47" count="0" type="cond" truecount="0" falsecount="2"/>
      <line num="49" count="0" type="stmt"/>
      <line num="67" count="0" type="stmt"/>
      <line num="68" count="0" type="cond" truecount="0" falsecount="2"/>
      <line num="70" count="0" type="cond" truecount="0" falsecount="2"/>
      <line num="71" count="0" type="stmt"/>
      <line num="74" count="0" type="stmt"/>
      <line num="79" count="0" type="stmt"/>
      <line num="83" count="0" type="cond" truecount="0" falsecount="2"/>
      <line num="84" count="0" type="cond" truecount="0" falsecount="2"/>
      <line num="96" count="0" type="stmt"/>
      <line num="120" count="0" type="stmt"/>
      <line num="122" count="0" type="stmt"/>
      <line num="123" count="0" type="cond" truecount="0" falsecount="4"/>
      <line num="124" count="0" type="stmt"/>
      <line num="127" count="0" type="stmt"/>
      <line num="128" count="0" type="cond" truecount="0" falsecount="4"/>
      <line num="129" count="0" type="stmt"/>
      <line num="131" count="0" type="cond" truecount="0" falsecount="4"/>
      <line num="135" count="0" type="cond" truecount="0" falsecount="2"/>
      <line num="136" count="0" type="stmt"/>
      <line num="141" count="0" type="cond" truecount="0" falsecount="2"/>
      <line num="142" count="0" type="stmt"/>
      <line num="145" count="0" type="stmt"/>
      <line num="148" count="0" type="cond" truecount="0" falsecount="4"/>
      <line num="149" count="0" type="stmt"/>
      <line num="152" count="0" type="cond" truecount="0" falsecount="2"/>
      <line num="154" count="0" type="stmt"/>
      <line num="164" count="0" type="stmt"/>
      <line num="166" count="0" type="cond" truecount="0" falsecount="4"/>
      <line num="167" count="0" type="stmt"/>
      <line num="168" count="0" type="cond" truecount="0" falsecount="3"/>
      <line num="170" count="0" type="stmt"/>
      <line num="234" count="0" type="stmt"/>
      <line num="247" count="0" type="stmt"/>
      <line num="249" count="0" type="cond" truecount="0" falsecount="2"/>
      <line num="250" count="0" type="stmt"/>
      <line num="253" count="0" type="stmt"/>
      <line num="262" count="0" type="stmt"/>
      <line num="264" count="0" type="cond" truecount="0" falsecount="3"/>
      <line num="265" count="0" type="stmt"/>
      <line num="267" count="0" type="stmt"/>
      <line num="294" count="0" type="cond" truecount="0" falsecount="4"/>
      <line num="295" count="0" type="stmt"/>
      <line num="299" count="0" type="cond" truecount="0" falsecount="5"/>
      <line num="303" count="0" type="stmt"/>
      <line num="305" count="0" type="cond" truecount="0" falsecount="4"/>
      <line num="306" count="0" type="stmt"/>
      <line num="307" count="0" type="cond" truecount="0" falsecount="2"/>
      <line num="312" count="0" type="stmt"/>
      <line num="315" count="0" type="cond" truecount="0" falsecount="2"/>
    </file>
    <file name="checkbox.tsx" path="/Users/zhangqm/frontend/gapi/src/components/ui/checkbox.tsx">
      <metrics statements="1" coveredstatements="0" conditionals="0" coveredconditionals="0" methods="1" coveredmethods="0"/>
      <line num="9" count="0" type="stmt"/>
    </file>
    <file name="collapsible.tsx" path="/Users/zhangqm/frontend/gapi/src/components/ui/collapsible.tsx">
      <metrics statements="3" coveredstatements="0" conditionals="0" coveredconditionals="0" methods="3" coveredmethods="0"/>
      <line num="4" count="0" type="stmt"/>
      <line num="10" count="0" type="stmt"/>
      <line num="16" count="0" type="stmt"/>
    </file>
    <file name="command.tsx" path="/Users/zhangqm/frontend/gapi/src/components/ui/command.tsx">
      <metrics statements="9" coveredstatements="0" conditionals="3" coveredconditionals="0" methods="9" coveredmethods="0"/>
      <line num="18" count="0" type="stmt"/>
      <line num="43" count="0" type="stmt"/>
      <line num="65" count="0" type="stmt"/>
      <line num="81" count="0" type="stmt"/>
      <line num="91" count="0" type="stmt"/>
      <line num="104" count="0" type="stmt"/>
      <line num="120" count="0" type="stmt"/>
      <line num="130" count="0" type="stmt"/>
      <line num="143" count="0" type="stmt"/>
    </file>
    <file name="context-menu.tsx" path="/Users/zhangqm/frontend/gapi/src/components/ui/context-menu.tsx">
      <metrics statements="15" coveredstatements="0" conditionals="1" coveredconditionals="0" methods="15" coveredmethods="0"/>
      <line num="9" count="0" type="stmt"/>
      <line num="15" count="0" type="stmt"/>
      <line num="19" count="0" type="stmt"/>
      <line num="23" count="0" type="stmt"/>
      <line num="27" count="0" type="stmt"/>
      <line num="33" count="0" type="stmt"/>
      <line num="44" count="0" type="stmt"/>
      <line num="64" count="0" type="stmt"/>
      <line num="80" count="0" type="stmt"/>
      <line num="103" count="0" type="stmt"/>
      <line num="123" count="0" type="stmt"/>
      <line num="148" count="0" type="stmt"/>
      <line num="174" count="0" type="stmt"/>
      <line num="188" count="0" type="stmt"/>
      <line num="198" count="0" type="stmt"/>
    </file>
    <file name="dialog.tsx" path="/Users/zhangqm/frontend/gapi/src/components/ui/dialog.tsx">
      <metrics statements="10" coveredstatements="0" conditionals="6" coveredconditionals="0" methods="10" coveredmethods="0"/>
      <line num="10" count="0" type="stmt"/>
      <line num="14" count="0" type="stmt"/>
      <line num="18" count="0" type="stmt"/>
      <line num="22" count="0" type="stmt"/>
      <line num="29" count="0" type="stmt"/>
      <line num="49" count="0" type="stmt"/>
      <line num="76" count="0" type="stmt"/>
      <line num="93" count="0" type="stmt"/>
      <line num="110" count="0" type="stmt"/>
      <line num="123" count="0" type="stmt"/>
    </file>
    <file name="drawer.tsx" path="/Users/zhangqm/frontend/gapi/src/components/ui/drawer.tsx">
      <metrics statements="10" coveredstatements="0" conditionals="0" coveredconditionals="0" methods="10" coveredmethods="0"/>
      <line num="8" count="0" type="stmt"/>
      <line num="12" count="0" type="stmt"/>
      <line num="16" count="0" type="stmt"/>
      <line num="20" count="0" type="stmt"/>
      <line num="27" count="0" type="stmt"/>
      <line num="44" count="0" type="stmt"/>
      <line num="67" count="0" type="stmt"/>
      <line num="80" count="0" type="stmt"/>
      <line num="90" count="0" type="stmt"/>
      <line num="103" count="0" type="stmt"/>
    </file>
    <file name="dropdown-menu.tsx" path="/Users/zhangqm/frontend/gapi/src/components/ui/dropdown-menu.tsx">
      <metrics statements="15" coveredstatements="0" conditionals="2" coveredconditionals="0" methods="15" coveredmethods="0"/>
      <line num="9" count="0" type="stmt"/>
      <line num="15" count="0" type="stmt"/>
      <line num="21" count="0" type="stmt"/>
      <line num="29" count="0" type="stmt"/>
      <line num="45" count="0" type="stmt"/>
      <line num="57" count="0" type="stmt"/>
      <line num="77" count="0" type="stmt"/>
      <line num="100" count="0" type="stmt"/>
      <line num="108" count="0" type="stmt"/>
      <line num="134" count="0" type="stmt"/>
      <line num="148" count="0" type="stmt"/>
      <line num="158" count="0" type="stmt"/>
      <line num="168" count="0" type="stmt"/>
      <line num="179" count="0" type="stmt"/>
      <line num="199" count="0" type="stmt"/>
    </file>
    <file name="form.tsx" path="/Users/zhangqm/frontend/gapi/src/components/ui/form.tsx">
      <metrics statements="28" coveredstatements="0" conditionals="10" coveredconditionals="0" methods="7" coveredmethods="0"/>
      <line num="20" count="0" type="stmt"/>
      <line num="29" count="0" type="stmt"/>
      <line num="31" count="0" type="stmt"/>
      <line num="37" count="0" type="stmt"/>
      <line num="44" count="0" type="stmt"/>
      <line num="45" count="0" type="stmt"/>
      <line num="46" count="0" type="stmt"/>
      <line num="47" count="0" type="stmt"/>
      <line num="48" count="0" type="stmt"/>
      <line num="49" count="0" type="stmt"/>
      <line num="51" count="0" type="cond" truecount="0" falsecount="2"/>
      <line num="52" count="0" type="stmt"/>
      <line num="55" count="0" type="stmt"/>
      <line num="57" count="0" type="stmt"/>
      <line num="71" count="0" type="stmt"/>
      <line num="74" count="0" type="stmt"/>
      <line num="76" count="0" type="stmt"/>
      <line num="84" count="0" type="stmt"/>
      <line num="86" count="0" type="stmt"/>
      <line num="98" count="0" type="stmt"/>
      <line num="100" count="0" type="stmt"/>
      <line num="112" count="0" type="stmt"/>
      <line num="114" count="0" type="stmt"/>
      <line num="125" count="0" type="stmt"/>
      <line num="126" count="0" type="cond" truecount="0" falsecount="4"/>
      <line num="128" count="0" type="cond" truecount="0" falsecount="2"/>
      <line num="129" count="0" type="stmt"/>
      <line num="132" count="0" type="stmt"/>
    </file>
    <file name="hover-card.tsx" path="/Users/zhangqm/frontend/gapi/src/components/ui/hover-card.tsx">
      <metrics statements="3" coveredstatements="0" conditionals="2" coveredconditionals="0" methods="3" coveredmethods="0"/>
      <line num="8" count="0" type="stmt"/>
      <line num="12" count="0" type="stmt"/>
      <line num="21" count="0" type="stmt"/>
    </file>
    <file name="input.tsx" path="/Users/zhangqm/frontend/gapi/src/components/ui/input.tsx">
      <metrics statements="1" coveredstatements="0" conditionals="0" coveredconditionals="0" methods="1" coveredmethods="0"/>
      <line num="6" count="0" type="stmt"/>
    </file>
    <file name="label.tsx" path="/Users/zhangqm/frontend/gapi/src/components/ui/label.tsx">
      <metrics statements="1" coveredstatements="0" conditionals="0" coveredconditionals="0" methods="1" coveredmethods="0"/>
      <line num="8" count="0" type="stmt"/>
    </file>
    <file name="navigation-menu.tsx" path="/Users/zhangqm/frontend/gapi/src/components/ui/navigation-menu.tsx">
      <metrics statements="9" coveredstatements="0" conditionals="3" coveredconditionals="0" methods="8" coveredmethods="0"/>
      <line num="17" count="0" type="stmt"/>
      <line num="37" count="0" type="stmt"/>
      <line num="50" count="0" type="stmt"/>
      <line num="59" count="0" type="stmt"/>
      <line num="68" count="0" type="stmt"/>
      <line num="87" count="0" type="stmt"/>
      <line num="104" count="0" type="stmt"/>
      <line num="122" count="0" type="stmt"/>
      <line num="138" count="0" type="stmt"/>
    </file>
    <file name="pagination.tsx" path="/Users/zhangqm/frontend/gapi/src/components/ui/pagination.tsx">
      <metrics statements="7" coveredstatements="0" conditionals="5" coveredconditionals="0" methods="7" coveredmethods="0"/>
      <line num="9" count="0" type="stmt"/>
      <line num="21" count="0" type="stmt"/>
      <line num="31" count="0" type="stmt"/>
      <line num="40" count="0" type="stmt"/>
      <line num="58" count="0" type="stmt"/>
      <line num="72" count="0" type="stmt"/>
      <line num="86" count="0" type="stmt"/>
    </file>
    <file name="popover.tsx" path="/Users/zhangqm/frontend/gapi/src/components/ui/popover.tsx">
      <metrics statements="7" coveredstatements="0" conditionals="2" coveredconditionals="0" methods="7" coveredmethods="0"/>
      <line num="8" count="0" type="stmt"/>
      <line num="12" count="0" type="stmt"/>
      <line num="21" count="0" type="stmt"/>
      <line num="38" count="0" type="stmt"/>
      <line num="42" count="0" type="stmt"/>
      <line num="52" count="0" type="stmt"/>
      <line num="56" count="0" type="stmt"/>
    </file>
    <file name="progress.tsx" path="/Users/zhangqm/frontend/gapi/src/components/ui/progress.tsx">
      <metrics statements="1" coveredstatements="0" conditionals="2" coveredconditionals="0" methods="1" coveredmethods="0"/>
      <line num="12" count="0" type="stmt"/>
    </file>
    <file name="radio-group.tsx" path="/Users/zhangqm/frontend/gapi/src/components/ui/radio-group.tsx">
      <metrics statements="2" coveredstatements="0" conditionals="0" coveredconditionals="0" methods="2" coveredmethods="0"/>
      <line num="12" count="0" type="stmt"/>
      <line num="25" count="0" type="stmt"/>
    </file>
    <file name="resizable.tsx" path="/Users/zhangqm/frontend/gapi/src/components/ui/resizable.tsx">
      <metrics statements="3" coveredstatements="0" conditionals="2" coveredconditionals="0" methods="3" coveredmethods="0"/>
      <line num="8" count="0" type="stmt"/>
      <line num="18" count="0" type="stmt"/>
      <line num="28" count="0" type="stmt"/>
    </file>
    <file name="scroll-area.tsx" path="/Users/zhangqm/frontend/gapi/src/components/ui/scroll-area.tsx">
      <metrics statements="2" coveredstatements="0" conditionals="5" coveredconditionals="0" methods="2" coveredmethods="0"/>
      <line num="12" count="0" type="stmt"/>
      <line num="35" count="0" type="stmt"/>
    </file>
    <file name="select.tsx" path="/Users/zhangqm/frontend/gapi/src/components/ui/select.tsx">
      <metrics statements="10" coveredstatements="0" conditionals="7" coveredconditionals="0" methods="10" coveredmethods="0"/>
      <line num="9" count="0" type="stmt"/>
      <line num="13" count="0" type="stmt"/>
      <line num="17" count="0" type="stmt"/>
      <line num="28" count="0" type="stmt"/>
      <line num="53" count="0" type="stmt"/>
      <line num="84" count="0" type="stmt"/>
      <line num="98" count="0" type="stmt"/>
      <line num="124" count="0" type="stmt"/>
      <line num="137" count="0" type="stmt"/>
      <line num="152" count="0" type="stmt"/>
    </file>
    <file name="separator.tsx" path="/Users/zhangqm/frontend/gapi/src/components/ui/separator.tsx">
      <metrics statements="1" coveredstatements="0" conditionals="2" coveredconditionals="0" methods="1" coveredmethods="0"/>
      <line num="13" count="0" type="stmt"/>
    </file>
    <file name="sheet.tsx" path="/Users/zhangqm/frontend/gapi/src/components/ui/sheet.tsx">
      <metrics statements="10" coveredstatements="0" conditionals="12" coveredconditionals="0" methods="10" coveredmethods="0"/>
      <line num="9" count="0" type="stmt"/>
      <line num="13" count="0" type="stmt"/>
      <line num="17" count="0" type="stmt"/>
      <line num="21" count="0" type="stmt"/>
      <line num="28" count="0" type="stmt"/>
      <line num="50" count="0" type="stmt"/>
      <line num="82" count="0" type="stmt"/>
      <line num="92" count="0" type="stmt"/>
      <line num="102" count="0" type="stmt"/>
      <line num="115" count="0" type="stmt"/>
    </file>
    <file name="sidebar.tsx" path="/Users/zhangqm/frontend/gapi/src/components/ui/sidebar.tsx">
      <metrics statements="80" coveredstatements="0" conditionals="73" coveredconditionals="0" methods="34" coveredmethods="0"/>
      <line num="24" count="0" type="stmt"/>
      <line num="25" count="0" type="stmt"/>
      <line num="26" count="0" type="stmt"/>
      <line num="27" count="0" type="stmt"/>
      <line num="28" count="0" type="stmt"/>
      <line num="29" count="0" type="stmt"/>
      <line num="41" count="0" type="stmt"/>
      <line num="44" count="0" type="stmt"/>
      <line num="45" count="0" type="cond" truecount="0" falsecount="2"/>
      <line num="46" count="0" type="stmt"/>
      <line num="49" count="0" type="stmt"/>
      <line num="65" count="0" type="stmt"/>
      <line num="66" count="0" type="stmt"/>
      <line num="70" count="0" type="stmt"/>
      <line num="71" count="0" type="cond" truecount="0" falsecount="2"/>
      <line num="72" count="0" type="stmt"/>
      <line num="74" count="0" type="cond" truecount="0" falsecount="2"/>
      <line num="75" count="0" type="cond" truecount="0" falsecount="2"/>
      <line num="76" count="0" type="stmt"/>
      <line num="78" count="0" type="stmt"/>
      <line num="82" count="0" type="stmt"/>
      <line num="88" count="0" type="stmt"/>
      <line num="89" count="0" type="cond" truecount="0" falsecount="2"/>
      <line num="93" count="0" type="stmt"/>
      <line num="94" count="0" type="stmt"/>
      <line num="95" count="0" type="cond" truecount="0" falsecount="5"/>
      <line num="96" count="0" type="stmt"/>
      <line num="97" count="0" type="stmt"/>
      <line num="101" count="0" type="stmt"/>
      <line num="102" count="0" type="stmt"/>
      <line num="107" count="0" type="cond" truecount="0" falsecount="2"/>
      <line num="109" count="0" type="stmt"/>
      <line num="110" count="0" type="stmt"/>
      <line num="122" count="0" type="stmt"/>
      <line num="159" count="0" type="stmt"/>
      <line num="161" count="0" type="cond" truecount="0" falsecount="2"/>
      <line num="162" count="0" type="stmt"/>
      <line num="176" count="0" type="cond" truecount="0" falsecount="2"/>
      <line num="177" count="0" type="stmt"/>
      <line num="201" count="0" type="stmt"/>
      <line num="250" count="0" type="stmt"/>
      <line num="252" count="0" type="stmt"/>
      <line num="260" count="0" type="stmt"/>
      <line num="261" count="0" type="stmt"/>
      <line num="272" count="0" type="stmt"/>
      <line num="274" count="0" type="stmt"/>
      <line num="297" count="0" type="stmt"/>
      <line num="311" count="0" type="stmt"/>
      <line num="322" count="0" type="stmt"/>
      <line num="333" count="0" type="stmt"/>
      <line num="344" count="0" type="stmt"/>
      <line num="355" count="0" type="stmt"/>
      <line num="369" count="0" type="stmt"/>
      <line num="384" count="0" type="cond" truecount="0" falsecount="2"/>
      <line num="386" count="0" type="stmt"/>
      <line num="405" count="0" type="cond" truecount="0" falsecount="2"/>
      <line num="407" count="0" type="stmt"/>
      <line num="424" count="0" type="stmt"/>
      <line num="435" count="0" type="stmt"/>
      <line num="446" count="0" type="stmt"/>
      <line num="456" count="0" type="stmt"/>
      <line num="491" count="0" type="cond" truecount="0" falsecount="2"/>
      <line num="492" count="0" type="stmt"/>
      <line num="495" count="0" type="stmt"/>
      <line num="505" count="0" type="cond" truecount="0" falsecount="2"/>
      <line num="506" count="0" type="stmt"/>
      <line num="509" count="0" type="cond" truecount="0" falsecount="2"/>
      <line num="510" count="0" type="stmt"/>
      <line num="515" count="0" type="stmt"/>
      <line num="537" count="0" type="cond" truecount="0" falsecount="2"/>
      <line num="539" count="0" type="stmt"/>
      <line num="561" count="0" type="stmt"/>
      <line num="587" count="0" type="stmt"/>
      <line num="589" count="0" type="stmt"/>
      <line num="590" count="0" type="stmt"/>
      <line num="593" count="0" type="stmt"/>
      <line num="615" count="0" type="stmt"/>
      <line num="630" count="0" type="stmt"/>
      <line num="651" count="0" type="cond" truecount="0" falsecount="2"/>
      <line num="653" count="0" type="stmt"/>
    </file>
    <file name="skeleton.tsx" path="/Users/zhangqm/frontend/gapi/src/components/ui/skeleton.tsx">
      <metrics statements="1" coveredstatements="0" conditionals="0" coveredconditionals="0" methods="1" coveredmethods="0"/>
      <line num="4" count="0" type="stmt"/>
    </file>
    <file name="slider.tsx" path="/Users/zhangqm/frontend/gapi/src/components/ui/slider.tsx">
      <metrics statements="4" coveredstatements="0" conditionals="6" coveredconditionals="0" methods="3" coveredmethods="0"/>
      <line num="15" count="0" type="stmt"/>
      <line num="16" count="0" type="cond" truecount="0" falsecount="4"/>
      <line num="20" count="0" type="stmt"/>
      <line num="47" count="0" type="stmt"/>
    </file>
    <file name="sonner.tsx" path="/Users/zhangqm/frontend/gapi/src/components/ui/sonner.tsx">
      <metrics statements="3" coveredstatements="0" conditionals="1" coveredconditionals="0" methods="1" coveredmethods="0"/>
      <line num="11" count="0" type="stmt"/>
      <line num="12" count="0" type="cond" truecount="0" falsecount="1"/>
      <line num="14" count="0" type="stmt"/>
    </file>
    <file name="switch.tsx" path="/Users/zhangqm/frontend/gapi/src/components/ui/switch.tsx">
      <metrics statements="1" coveredstatements="0" conditionals="1" coveredconditionals="0" methods="1" coveredmethods="0"/>
      <line num="14" count="0" type="stmt"/>
    </file>
    <file name="table.tsx" path="/Users/zhangqm/frontend/gapi/src/components/ui/table.tsx">
      <metrics statements="8" coveredstatements="0" conditionals="0" coveredconditionals="0" methods="8" coveredmethods="0"/>
      <line num="6" count="0" type="stmt"/>
      <line num="18" count="0" type="stmt"/>
      <line num="22" count="0" type="stmt"/>
      <line num="32" count="0" type="stmt"/>
      <line num="42" count="0" type="stmt"/>
      <line num="55" count="0" type="stmt"/>
      <line num="68" count="0" type="stmt"/>
      <line num="81" count="0" type="stmt"/>
    </file>
    <file name="tabs.tsx" path="/Users/zhangqm/frontend/gapi/src/components/ui/tabs.tsx">
      <metrics statements="5" coveredstatements="0" conditionals="2" coveredconditionals="0" methods="4" coveredmethods="0"/>
      <line num="13" count="0" type="stmt"/>
      <line num="24" count="0" type="stmt"/>
      <line num="44" count="0" type="stmt"/>
      <line num="55" count="0" type="stmt"/>
      <line num="71" count="0" type="stmt"/>
    </file>
    <file name="textarea.tsx" path="/Users/zhangqm/frontend/gapi/src/components/ui/textarea.tsx">
      <metrics statements="1" coveredstatements="0" conditionals="0" coveredconditionals="0" methods="1" coveredmethods="0"/>
      <line num="6" count="0" type="stmt"/>
    </file>
    <file name="toggle-group.tsx" path="/Users/zhangqm/frontend/gapi/src/components/ui/toggle-group.tsx">
      <metrics statements="4" coveredstatements="0" conditionals="9" coveredconditionals="0" methods="2" coveredmethods="0"/>
      <line num="11" count="0" type="stmt"/>
      <line num="32" count="0" type="stmt"/>
      <line num="59" count="0" type="stmt"/>
      <line num="61" count="0" type="stmt"/>
    </file>
    <file name="toggle.tsx" path="/Users/zhangqm/frontend/gapi/src/components/ui/toggle.tsx">
      <metrics statements="2" coveredstatements="0" conditionals="0" coveredconditionals="0" methods="1" coveredmethods="0"/>
      <line num="8" count="0" type="stmt"/>
      <line num="36" count="0" type="stmt"/>
    </file>
    <file name="tooltip.tsx" path="/Users/zhangqm/frontend/gapi/src/components/ui/tooltip.tsx">
      <metrics statements="4" coveredstatements="0" conditionals="2" coveredconditionals="0" methods="4" coveredmethods="0"/>
      <line num="11" count="0" type="stmt"/>
      <line num="21" count="0" type="stmt"/>
      <line num="25" count="0" type="stmt"/>
      <line num="34" count="0" type="stmt"/>
    </file>
  </project>
</coverage>
