{
  "/Users/zhangqm/frontend/gapi/src/components/ui/accordion.tsx": {
    "path": "/Users/zhangqm/frontend/gapi/src/components/ui/accordion.tsx",
    "statementMap": {
      "0": { "start": { "line": 9, "column": 2 }, "end": { "line": 9, "column": null } },
      "1": { "start": { "line": 16, "column": 2 }, "end": { "line": 21, "column": null } },
      "2": { "start": { "line": 30, "column": 2 }, "end": { "line": 43, "column": null } },
      "3": { "start": { "line": 52, "column": 2 }, "end": { "line": 59, "column": null } }
    },
    "fnMap": {
      "0": {
        "name": "Accordion",
        "decl": { "start": { "line": 8, "column": 9 }, "end": { "line": 8, "column": 19 } },
        "loc": { "start": { "line": 8, "column": 87 }, "end": { "line": 10, "column": null } },
        "line": 8
      },
      "1": {
        "name": "AccordionItem",
        "decl": { "start": { "line": 12, "column": 9 }, "end": { "line": 12, "column": 23 } },
        "loc": { "start": { "line": 15, "column": 57 }, "end": { "line": 23, "column": null } },
        "line": 15
      },
      "2": {
        "name": "AccordionTrigger",
        "decl": { "start": { "line": 25, "column": 9 }, "end": { "line": 25, "column": 26 } },
        "loc": { "start": { "line": 29, "column": 60 }, "end": { "line": 45, "column": null } },
        "line": 29
      },
      "3": {
        "name": "AccordionContent",
        "decl": { "start": { "line": 47, "column": 9 }, "end": { "line": 47, "column": 26 } },
        "loc": { "start": { "line": 51, "column": 60 }, "end": { "line": 61, "column": null } },
        "line": 51
      }
    },
    "branchMap": {},
    "s": { "0": 0, "1": 0, "2": 0, "3": 0 },
    "f": { "0": 0, "1": 0, "2": 0, "3": 0 },
    "b": {},
    "meta": {
      "lastBranch": 0,
      "lastFunction": 4,
      "lastStatement": 4,
      "seen": {
        "f:8:9:8:19": 0,
        "s:9:2:9:Infinity": 0,
        "f:12:9:12:23": 1,
        "s:16:2:21:Infinity": 1,
        "f:25:9:25:26": 2,
        "s:30:2:43:Infinity": 2,
        "f:47:9:47:26": 3,
        "s:52:2:59:Infinity": 3
      }
    }
  },
  "/Users/zhangqm/frontend/gapi/src/components/ui/alert-dialog.tsx": {
    "path": "/Users/zhangqm/frontend/gapi/src/components/ui/alert-dialog.tsx",
    "statementMap": {
      "0": { "start": { "line": 9, "column": 2 }, "end": { "line": 9, "column": null } },
      "1": { "start": { "line": 15, "column": 2 }, "end": { "line": 15, "column": null } },
      "2": { "start": { "line": 19, "column": 2 }, "end": { "line": 19, "column": null } },
      "3": { "start": { "line": 26, "column": 2 }, "end": { "line": 34, "column": null } },
      "4": { "start": { "line": 45, "column": 2 }, "end": { "line": 57, "column": null } },
      "5": { "start": { "line": 62, "column": 2 }, "end": { "line": 70, "column": null } },
      "6": { "start": { "line": 75, "column": 2 }, "end": { "line": 83, "column": null } },
      "7": { "start": { "line": 91, "column": 2 }, "end": { "line": 99, "column": null } },
      "8": { "start": { "line": 107, "column": 2 }, "end": { "line": 112, "column": null } },
      "9": { "start": { "line": 117, "column": 2 }, "end": { "line": 125, "column": null } },
      "10": { "start": { "line": 136, "column": 2 }, "end": { "line": 143, "column": null } },
      "11": { "start": { "line": 154, "column": 2 }, "end": { "line": 161, "column": null } }
    },
    "fnMap": {
      "0": {
        "name": "AlertDialog",
        "decl": { "start": { "line": 8, "column": 9 }, "end": { "line": 8, "column": 21 } },
        "loc": { "start": { "line": 8, "column": 91 }, "end": { "line": 10, "column": null } },
        "line": 8
      },
      "1": {
        "name": "AlertDialogTrigger",
        "decl": { "start": { "line": 12, "column": 9 }, "end": { "line": 12, "column": 28 } },
        "loc": { "start": { "line": 14, "column": 62 }, "end": { "line": 16, "column": null } },
        "line": 14
      },
      "2": {
        "name": "AlertDialogPortal",
        "decl": { "start": { "line": 18, "column": 9 }, "end": { "line": 18, "column": 27 } },
        "loc": { "start": { "line": 18, "column": 99 }, "end": { "line": 20, "column": null } },
        "line": 18
      },
      "3": {
        "name": "AlertDialogOverlay",
        "decl": { "start": { "line": 22, "column": 9 }, "end": { "line": 22, "column": 28 } },
        "loc": { "start": { "line": 25, "column": 62 }, "end": { "line": 36, "column": null } },
        "line": 25
      },
      "4": {
        "name": "AlertDialogContent",
        "decl": { "start": { "line": 38, "column": 9 }, "end": { "line": 38, "column": 28 } },
        "loc": { "start": { "line": 44, "column": 3 }, "end": { "line": 59, "column": null } },
        "line": 44
      },
      "5": {
        "name": "AlertDialogHeader",
        "decl": { "start": { "line": 61, "column": 9 }, "end": { "line": 61, "column": 27 } },
        "loc": { "start": { "line": 61, "column": 81 }, "end": { "line": 72, "column": null } },
        "line": 61
      },
      "6": {
        "name": "AlertDialogFooter",
        "decl": { "start": { "line": 74, "column": 9 }, "end": { "line": 74, "column": 27 } },
        "loc": { "start": { "line": 74, "column": 81 }, "end": { "line": 85, "column": null } },
        "line": 74
      },
      "7": {
        "name": "AlertDialogTitle",
        "decl": { "start": { "line": 87, "column": 9 }, "end": { "line": 87, "column": 26 } },
        "loc": { "start": { "line": 90, "column": 60 }, "end": { "line": 101, "column": null } },
        "line": 90
      },
      "8": {
        "name": "AlertDialogDescription",
        "decl": { "start": { "line": 103, "column": 9 }, "end": { "line": 103, "column": 32 } },
        "loc": { "start": { "line": 106, "column": 66 }, "end": { "line": 114, "column": null } },
        "line": 106
      },
      "9": {
        "name": "AlertDialogMedia",
        "decl": { "start": { "line": 116, "column": 9 }, "end": { "line": 116, "column": 26 } },
        "loc": { "start": { "line": 116, "column": 80 }, "end": { "line": 127, "column": null } },
        "line": 116
      },
      "10": {
        "name": "AlertDialogAction",
        "decl": { "start": { "line": 129, "column": 9 }, "end": { "line": 129, "column": 27 } },
        "loc": { "start": { "line": 135, "column": 65 }, "end": { "line": 145, "column": null } },
        "line": 135
      },
      "11": {
        "name": "AlertDialogCancel",
        "decl": { "start": { "line": 147, "column": 9 }, "end": { "line": 147, "column": 27 } },
        "loc": { "start": { "line": 153, "column": 65 }, "end": { "line": 163, "column": null } },
        "line": 153
      }
    },
    "branchMap": {
      "0": {
        "loc": { "start": { "line": 40, "column": 2 }, "end": { "line": 40, "column": null } },
        "type": "default-arg",
        "locations": [
          { "start": { "line": 40, "column": 9 }, "end": { "line": 40, "column": null } }
        ],
        "line": 40
      },
      "1": {
        "loc": { "start": { "line": 131, "column": 2 }, "end": { "line": 131, "column": null } },
        "type": "default-arg",
        "locations": [
          { "start": { "line": 131, "column": 12 }, "end": { "line": 131, "column": null } }
        ],
        "line": 131
      },
      "2": {
        "loc": { "start": { "line": 132, "column": 2 }, "end": { "line": 132, "column": null } },
        "type": "default-arg",
        "locations": [
          { "start": { "line": 132, "column": 9 }, "end": { "line": 132, "column": null } }
        ],
        "line": 132
      },
      "3": {
        "loc": { "start": { "line": 149, "column": 2 }, "end": { "line": 149, "column": null } },
        "type": "default-arg",
        "locations": [
          { "start": { "line": 149, "column": 12 }, "end": { "line": 149, "column": null } }
        ],
        "line": 149
      },
      "4": {
        "loc": { "start": { "line": 150, "column": 2 }, "end": { "line": 150, "column": null } },
        "type": "default-arg",
        "locations": [
          { "start": { "line": 150, "column": 9 }, "end": { "line": 150, "column": null } }
        ],
        "line": 150
      }
    },
    "s": {
      "0": 0,
      "1": 0,
      "2": 0,
      "3": 0,
      "4": 0,
      "5": 0,
      "6": 0,
      "7": 0,
      "8": 0,
      "9": 0,
      "10": 0,
      "11": 0
    },
    "f": {
      "0": 0,
      "1": 0,
      "2": 0,
      "3": 0,
      "4": 0,
      "5": 0,
      "6": 0,
      "7": 0,
      "8": 0,
      "9": 0,
      "10": 0,
      "11": 0
    },
    "b": { "0": [0], "1": [0], "2": [0], "3": [0], "4": [0] },
    "meta": {
      "lastBranch": 5,
      "lastFunction": 12,
      "lastStatement": 12,
      "seen": {
        "f:8:9:8:21": 0,
        "s:9:2:9:Infinity": 0,
        "f:12:9:12:28": 1,
        "s:15:2:15:Infinity": 1,
        "f:18:9:18:27": 2,
        "s:19:2:19:Infinity": 2,
        "f:22:9:22:28": 3,
        "s:26:2:34:Infinity": 3,
        "f:38:9:38:28": 4,
        "b:40:9:40:Infinity": 0,
        "s:45:2:57:Infinity": 4,
        "f:61:9:61:27": 5,
        "s:62:2:70:Infinity": 5,
        "f:74:9:74:27": 6,
        "s:75:2:83:Infinity": 6,
        "f:87:9:87:26": 7,
        "s:91:2:99:Infinity": 7,
        "f:103:9:103:32": 8,
        "s:107:2:112:Infinity": 8,
        "f:116:9:116:26": 9,
        "s:117:2:125:Infinity": 9,
        "f:129:9:129:27": 10,
        "b:131:12:131:Infinity": 1,
        "b:132:9:132:Infinity": 2,
        "s:136:2:143:Infinity": 10,
        "f:147:9:147:27": 11,
        "b:149:12:149:Infinity": 3,
        "b:150:9:150:Infinity": 4,
        "s:154:2:161:Infinity": 11
      }
    }
  },
  "/Users/zhangqm/frontend/gapi/src/components/ui/alert.tsx": {
    "path": "/Users/zhangqm/frontend/gapi/src/components/ui/alert.tsx",
    "statementMap": {
      "0": { "start": { "line": 7, "column": 6 }, "end": { "line": 21, "column": null } },
      "1": { "start": { "line": 28, "column": 2 }, "end": { "line": 34, "column": null } },
      "2": { "start": { "line": 39, "column": 2 }, "end": { "line": 44, "column": null } },
      "3": { "start": { "line": 49, "column": 2 }, "end": { "line": 57, "column": null } }
    },
    "fnMap": {
      "0": {
        "name": "Alert",
        "decl": { "start": { "line": 23, "column": 9 }, "end": { "line": 23, "column": 15 } },
        "loc": { "start": { "line": 27, "column": 69 }, "end": { "line": 36, "column": null } },
        "line": 27
      },
      "1": {
        "name": "AlertTitle",
        "decl": { "start": { "line": 38, "column": 9 }, "end": { "line": 38, "column": 20 } },
        "loc": { "start": { "line": 38, "column": 74 }, "end": { "line": 46, "column": null } },
        "line": 38
      },
      "2": {
        "name": "AlertDescription",
        "decl": { "start": { "line": 48, "column": 9 }, "end": { "line": 48, "column": 26 } },
        "loc": { "start": { "line": 48, "column": 80 }, "end": { "line": 59, "column": null } },
        "line": 48
      }
    },
    "branchMap": {},
    "s": { "0": 0, "1": 0, "2": 0, "3": 0 },
    "f": { "0": 0, "1": 0, "2": 0 },
    "b": {},
    "meta": {
      "lastBranch": 0,
      "lastFunction": 3,
      "lastStatement": 4,
      "seen": {
        "s:7:6:21:Infinity": 0,
        "f:23:9:23:15": 0,
        "s:28:2:34:Infinity": 1,
        "f:38:9:38:20": 1,
        "s:39:2:44:Infinity": 2,
        "f:48:9:48:26": 2,
        "s:49:2:57:Infinity": 3
      }
    }
  },
  "/Users/zhangqm/frontend/gapi/src/components/ui/aspect-ratio.tsx": {
    "path": "/Users/zhangqm/frontend/gapi/src/components/ui/aspect-ratio.tsx",
    "statementMap": {
      "0": { "start": { "line": 4, "column": 2 }, "end": { "line": 4, "column": null } }
    },
    "fnMap": {
      "0": {
        "name": "AspectRatio",
        "decl": { "start": { "line": 3, "column": 9 }, "end": { "line": 3, "column": 21 } },
        "loc": { "start": { "line": 3, "column": 91 }, "end": { "line": 5, "column": null } },
        "line": 3
      }
    },
    "branchMap": {},
    "s": { "0": 0 },
    "f": { "0": 0 },
    "b": {},
    "meta": {
      "lastBranch": 0,
      "lastFunction": 1,
      "lastStatement": 1,
      "seen": { "f:3:9:3:21": 0, "s:4:2:4:Infinity": 0 }
    }
  },
  "/Users/zhangqm/frontend/gapi/src/components/ui/avatar.tsx": {
    "path": "/Users/zhangqm/frontend/gapi/src/components/ui/avatar.tsx",
    "statementMap": {
      "0": { "start": { "line": 14, "column": 2 }, "end": { "line": 23, "column": null } },
      "1": { "start": { "line": 28, "column": 2 }, "end": { "line": 33, "column": null } },
      "2": { "start": { "line": 41, "column": 2 }, "end": { "line": 49, "column": null } },
      "3": { "start": { "line": 54, "column": 2 }, "end": { "line": 65, "column": null } },
      "4": { "start": { "line": 70, "column": 2 }, "end": { "line": 78, "column": null } },
      "5": { "start": { "line": 83, "column": 2 }, "end": { "line": 91, "column": null } }
    },
    "fnMap": {
      "0": {
        "name": "Avatar",
        "decl": { "start": { "line": 7, "column": 9 }, "end": { "line": 7, "column": 16 } },
        "loc": { "start": { "line": 13, "column": 3 }, "end": { "line": 25, "column": null } },
        "line": 13
      },
      "1": {
        "name": "AvatarImage",
        "decl": { "start": { "line": 27, "column": 9 }, "end": { "line": 27, "column": 21 } },
        "loc": { "start": { "line": 27, "column": 98 }, "end": { "line": 35, "column": null } },
        "line": 27
      },
      "2": {
        "name": "AvatarFallback",
        "decl": { "start": { "line": 37, "column": 9 }, "end": { "line": 37, "column": 24 } },
        "loc": { "start": { "line": 40, "column": 58 }, "end": { "line": 51, "column": null } },
        "line": 40
      },
      "3": {
        "name": "AvatarBadge",
        "decl": { "start": { "line": 53, "column": 9 }, "end": { "line": 53, "column": 21 } },
        "loc": { "start": { "line": 53, "column": 76 }, "end": { "line": 67, "column": null } },
        "line": 53
      },
      "4": {
        "name": "AvatarGroup",
        "decl": { "start": { "line": 69, "column": 9 }, "end": { "line": 69, "column": 21 } },
        "loc": { "start": { "line": 69, "column": 75 }, "end": { "line": 80, "column": null } },
        "line": 69
      },
      "5": {
        "name": "AvatarGroupCount",
        "decl": { "start": { "line": 82, "column": 9 }, "end": { "line": 82, "column": 26 } },
        "loc": { "start": { "line": 82, "column": 80 }, "end": { "line": 93, "column": null } },
        "line": 82
      }
    },
    "branchMap": {
      "0": {
        "loc": { "start": { "line": 9, "column": 2 }, "end": { "line": 9, "column": null } },
        "type": "default-arg",
        "locations": [
          { "start": { "line": 9, "column": 9 }, "end": { "line": 9, "column": null } }
        ],
        "line": 9
      }
    },
    "s": { "0": 0, "1": 0, "2": 0, "3": 0, "4": 0, "5": 0 },
    "f": { "0": 0, "1": 0, "2": 0, "3": 0, "4": 0, "5": 0 },
    "b": { "0": [0] },
    "meta": {
      "lastBranch": 1,
      "lastFunction": 6,
      "lastStatement": 6,
      "seen": {
        "f:7:9:7:16": 0,
        "b:9:9:9:Infinity": 0,
        "s:14:2:23:Infinity": 0,
        "f:27:9:27:21": 1,
        "s:28:2:33:Infinity": 1,
        "f:37:9:37:24": 2,
        "s:41:2:49:Infinity": 2,
        "f:53:9:53:21": 3,
        "s:54:2:65:Infinity": 3,
        "f:69:9:69:21": 4,
        "s:70:2:78:Infinity": 4,
        "f:82:9:82:26": 5,
        "s:83:2:91:Infinity": 5
      }
    }
  },
  "/Users/zhangqm/frontend/gapi/src/components/ui/badge.tsx": {
    "path": "/Users/zhangqm/frontend/gapi/src/components/ui/badge.tsx",
    "statementMap": {
      "0": { "start": { "line": 8, "column": 6 }, "end": { "line": 27, "column": null } },
      "1": { "start": { "line": 35, "column": 15 }, "end": { "line": 35, "column": null } },
      "2": { "start": { "line": 37, "column": 2 }, "end": { "line": 43, "column": null } }
    },
    "fnMap": {
      "0": {
        "name": "Badge",
        "decl": { "start": { "line": 29, "column": 9 }, "end": { "line": 29, "column": 15 } },
        "loc": { "start": { "line": 34, "column": 94 }, "end": { "line": 45, "column": null } },
        "line": 34
      }
    },
    "branchMap": {
      "0": {
        "loc": { "start": { "line": 31, "column": 2 }, "end": { "line": 31, "column": null } },
        "type": "default-arg",
        "locations": [
          { "start": { "line": 31, "column": 12 }, "end": { "line": 31, "column": null } }
        ],
        "line": 31
      },
      "1": {
        "loc": { "start": { "line": 32, "column": 2 }, "end": { "line": 32, "column": null } },
        "type": "default-arg",
        "locations": [
          { "start": { "line": 32, "column": 12 }, "end": { "line": 32, "column": null } }
        ],
        "line": 32
      },
      "2": {
        "loc": { "start": { "line": 35, "column": 15 }, "end": { "line": 35, "column": null } },
        "type": "cond-expr",
        "locations": [
          { "start": { "line": 35, "column": 25 }, "end": { "line": 35, "column": 37 } },
          { "start": { "line": 35, "column": 37 }, "end": { "line": 35, "column": null } }
        ],
        "line": 35
      }
    },
    "s": { "0": 0, "1": 0, "2": 0 },
    "f": { "0": 0 },
    "b": { "0": [0], "1": [0], "2": [0, 0] },
    "meta": {
      "lastBranch": 3,
      "lastFunction": 1,
      "lastStatement": 3,
      "seen": {
        "s:8:6:27:Infinity": 0,
        "f:29:9:29:15": 0,
        "b:31:12:31:Infinity": 0,
        "b:32:12:32:Infinity": 1,
        "s:35:15:35:Infinity": 1,
        "b:35:25:35:37:35:37:35:Infinity": 2,
        "s:37:2:43:Infinity": 2
      }
    }
  },
  "/Users/zhangqm/frontend/gapi/src/components/ui/breadcrumb.tsx": {
    "path": "/Users/zhangqm/frontend/gapi/src/components/ui/breadcrumb.tsx",
    "statementMap": {
      "0": { "start": { "line": 9, "column": 2 }, "end": { "line": 9, "column": null } },
      "1": { "start": { "line": 13, "column": 2 }, "end": { "line": 21, "column": null } },
      "2": { "start": { "line": 26, "column": 2 }, "end": { "line": 31, "column": null } },
      "3": { "start": { "line": 42, "column": 15 }, "end": { "line": 42, "column": null } },
      "4": { "start": { "line": 44, "column": 2 }, "end": { "line": 49, "column": null } },
      "5": { "start": { "line": 54, "column": 2 }, "end": { "line": 62, "column": null } },
      "6": { "start": { "line": 67, "column": 2 }, "end": { "line": 76, "column": null } },
      "7": { "start": { "line": 81, "column": 2 }, "end": { "line": 91, "column": null } }
    },
    "fnMap": {
      "0": {
        "name": "Breadcrumb",
        "decl": { "start": { "line": 8, "column": 9 }, "end": { "line": 8, "column": 20 } },
        "loc": { "start": { "line": 8, "column": 63 }, "end": { "line": 10, "column": null } },
        "line": 8
      },
      "1": {
        "name": "BreadcrumbList",
        "decl": { "start": { "line": 12, "column": 9 }, "end": { "line": 12, "column": 24 } },
        "loc": { "start": { "line": 12, "column": 77 }, "end": { "line": 23, "column": null } },
        "line": 12
      },
      "2": {
        "name": "BreadcrumbItem",
        "decl": { "start": { "line": 25, "column": 9 }, "end": { "line": 25, "column": 24 } },
        "loc": { "start": { "line": 25, "column": 77 }, "end": { "line": 33, "column": null } },
        "line": 25
      },
      "3": {
        "name": "BreadcrumbLink",
        "decl": { "start": { "line": 35, "column": 9 }, "end": { "line": 35, "column": 24 } },
        "loc": { "start": { "line": 41, "column": 3 }, "end": { "line": 51, "column": null } },
        "line": 41
      },
      "4": {
        "name": "BreadcrumbPage",
        "decl": { "start": { "line": 53, "column": 9 }, "end": { "line": 53, "column": 24 } },
        "loc": { "start": { "line": 53, "column": 79 }, "end": { "line": 64, "column": null } },
        "line": 53
      },
      "5": {
        "name": "BreadcrumbSeparator",
        "decl": { "start": { "line": 66, "column": 9 }, "end": { "line": 66, "column": 29 } },
        "loc": { "start": { "line": 66, "column": 92 }, "end": { "line": 78, "column": null } },
        "line": 66
      },
      "6": {
        "name": "BreadcrumbEllipsis",
        "decl": { "start": { "line": 80, "column": 9 }, "end": { "line": 80, "column": 28 } },
        "loc": { "start": { "line": 80, "column": 83 }, "end": { "line": 93, "column": null } },
        "line": 80
      }
    },
    "branchMap": {
      "0": {
        "loc": { "start": { "line": 42, "column": 15 }, "end": { "line": 42, "column": null } },
        "type": "cond-expr",
        "locations": [
          { "start": { "line": 42, "column": 25 }, "end": { "line": 42, "column": 37 } },
          { "start": { "line": 42, "column": 37 }, "end": { "line": 42, "column": null } }
        ],
        "line": 42
      },
      "1": {
        "loc": { "start": { "line": 75, "column": 7 }, "end": { "line": 75, "column": null } },
        "type": "binary-expr",
        "locations": [
          { "start": { "line": 75, "column": 7 }, "end": { "line": 75, "column": 19 } },
          { "start": { "line": 75, "column": 19 }, "end": { "line": 75, "column": null } }
        ],
        "line": 75
      }
    },
    "s": { "0": 0, "1": 0, "2": 0, "3": 0, "4": 0, "5": 0, "6": 0, "7": 0 },
    "f": { "0": 0, "1": 0, "2": 0, "3": 0, "4": 0, "5": 0, "6": 0 },
    "b": { "0": [0, 0], "1": [0, 0] },
    "meta": {
      "lastBranch": 2,
      "lastFunction": 7,
      "lastStatement": 8,
      "seen": {
        "f:8:9:8:20": 0,
        "s:9:2:9:Infinity": 0,
        "f:12:9:12:24": 1,
        "s:13:2:21:Infinity": 1,
        "f:25:9:25:24": 2,
        "s:26:2:31:Infinity": 2,
        "f:35:9:35:24": 3,
        "s:42:15:42:Infinity": 3,
        "b:42:25:42:37:42:37:42:Infinity": 0,
        "s:44:2:49:Infinity": 4,
        "f:53:9:53:24": 4,
        "s:54:2:62:Infinity": 5,
        "f:66:9:66:29": 5,
        "s:67:2:76:Infinity": 6,
        "b:75:7:75:19:75:19:75:Infinity": 1,
        "f:80:9:80:28": 6,
        "s:81:2:91:Infinity": 7
      }
    }
  },
  "/Users/zhangqm/frontend/gapi/src/components/ui/button.tsx": {
    "path": "/Users/zhangqm/frontend/gapi/src/components/ui/button.tsx",
    "statementMap": {
      "0": { "start": { "line": 8, "column": 6 }, "end": { "line": 38, "column": null } },
      "1": { "start": { "line": 50, "column": 15 }, "end": { "line": 50, "column": null } },
      "2": { "start": { "line": 52, "column": 2 }, "end": { "line": 59, "column": null } }
    },
    "fnMap": {
      "0": {
        "name": "Button",
        "decl": { "start": { "line": 40, "column": 9 }, "end": { "line": 40, "column": 16 } },
        "loc": { "start": { "line": 49, "column": 5 }, "end": { "line": 61, "column": null } },
        "line": 49
      }
    },
    "branchMap": {
      "0": {
        "loc": { "start": { "line": 42, "column": 2 }, "end": { "line": 42, "column": null } },
        "type": "default-arg",
        "locations": [
          { "start": { "line": 42, "column": 12 }, "end": { "line": 42, "column": null } }
        ],
        "line": 42
      },
      "1": {
        "loc": { "start": { "line": 43, "column": 2 }, "end": { "line": 43, "column": null } },
        "type": "default-arg",
        "locations": [
          { "start": { "line": 43, "column": 9 }, "end": { "line": 43, "column": null } }
        ],
        "line": 43
      },
      "2": {
        "loc": { "start": { "line": 44, "column": 2 }, "end": { "line": 44, "column": null } },
        "type": "default-arg",
        "locations": [
          { "start": { "line": 44, "column": 12 }, "end": { "line": 44, "column": null } }
        ],
        "line": 44
      },
      "3": {
        "loc": { "start": { "line": 50, "column": 15 }, "end": { "line": 50, "column": null } },
        "type": "cond-expr",
        "locations": [
          { "start": { "line": 50, "column": 25 }, "end": { "line": 50, "column": 37 } },
          { "start": { "line": 50, "column": 37 }, "end": { "line": 50, "column": null } }
        ],
        "line": 50
      }
    },
    "s": { "0": 0, "1": 0, "2": 0 },
    "f": { "0": 0 },
    "b": { "0": [0], "1": [0], "2": [0], "3": [0, 0] },
    "meta": {
      "lastBranch": 4,
      "lastFunction": 1,
      "lastStatement": 3,
      "seen": {
        "s:8:6:38:Infinity": 0,
        "f:40:9:40:16": 0,
        "b:42:12:42:Infinity": 0,
        "b:43:9:43:Infinity": 1,
        "b:44:12:44:Infinity": 2,
        "s:50:15:50:Infinity": 1,
        "b:50:25:50:37:50:37:50:Infinity": 3,
        "s:52:2:59:Infinity": 2
      }
    }
  },
  "/Users/zhangqm/frontend/gapi/src/components/ui/calendar.tsx": {
    "path": "/Users/zhangqm/frontend/gapi/src/components/ui/calendar.tsx",
    "statementMap": {
      "0": { "start": { "line": 21, "column": 8 }, "end": { "line": 21, "column": null } },
      "1": { "start": { "line": 23, "column": 2 }, "end": { "line": 137, "column": null } },
      "2": { "start": { "line": 34, "column": 39 }, "end": { "line": 34, "column": null } },
      "3": { "start": { "line": 111, "column": 10 }, "end": { "line": 111, "column": null } },
      "4": { "start": { "line": 114, "column": 10 }, "end": { "line": 116, "column": null } },
      "5": { "start": { "line": 115, "column": 12 }, "end": { "line": 115, "column": null } },
      "6": { "start": { "line": 118, "column": 10 }, "end": { "line": 120, "column": null } },
      "7": { "start": { "line": 119, "column": 12 }, "end": { "line": 119, "column": null } },
      "8": { "start": { "line": 122, "column": 10 }, "end": { "line": 122, "column": null } },
      "9": { "start": { "line": 126, "column": 10 }, "end": { "line": 131, "column": null } },
      "10": { "start": { "line": 147, "column": 8 }, "end": { "line": 147, "column": null } },
      "11": { "start": { "line": 149, "column": 14 }, "end": { "line": 149, "column": null } },
      "12": { "start": { "line": 150, "column": 2 }, "end": { "line": 152, "column": null } },
      "13": { "start": { "line": 151, "column": 4 }, "end": { "line": 151, "column": null } },
      "14": { "start": { "line": 151, "column": 27 }, "end": { "line": 151, "column": null } },
      "15": { "start": { "line": 154, "column": 2 }, "end": { "line": 175, "column": null } }
    },
    "fnMap": {
      "0": {
        "name": "Calendar",
        "decl": { "start": { "line": 9, "column": 9 }, "end": { "line": 9, "column": 18 } },
        "loc": { "start": { "line": 20, "column": 3 }, "end": { "line": 139, "column": null } },
        "line": 20
      },
      "1": {
        "name": "(anonymous_1)",
        "decl": { "start": { "line": 34, "column": 29 }, "end": { "line": 34, "column": 30 } },
        "loc": { "start": { "line": 34, "column": 39 }, "end": { "line": 34, "column": null } },
        "line": 34
      },
      "2": {
        "name": "(anonymous_2)",
        "decl": { "start": { "line": 110, "column": 14 }, "end": { "line": 110, "column": 15 } },
        "loc": { "start": { "line": 110, "column": 52 }, "end": { "line": 112, "column": null } },
        "line": 110
      },
      "3": {
        "name": "(anonymous_3)",
        "decl": { "start": { "line": 113, "column": 17 }, "end": { "line": 113, "column": 18 } },
        "loc": { "start": { "line": 113, "column": 59 }, "end": { "line": 123, "column": null } },
        "line": 113
      },
      "4": {
        "name": "(anonymous_4)",
        "decl": { "start": { "line": 125, "column": 20 }, "end": { "line": 125, "column": 21 } },
        "loc": { "start": { "line": 125, "column": 48 }, "end": { "line": 133, "column": null } },
        "line": 125
      },
      "5": {
        "name": "CalendarDayButton",
        "decl": { "start": { "line": 141, "column": 9 }, "end": { "line": 141, "column": 27 } },
        "loc": { "start": { "line": 146, "column": 43 }, "end": { "line": 177, "column": null } },
        "line": 146
      },
      "6": {
        "name": "(anonymous_6)",
        "decl": { "start": { "line": 150, "column": 18 }, "end": { "line": 150, "column": 24 } },
        "loc": { "start": { "line": 150, "column": 24 }, "end": { "line": 152, "column": 5 } },
        "line": 150
      }
    },
    "branchMap": {
      "0": {
        "loc": { "start": { "line": 12, "column": 2 }, "end": { "line": 12, "column": null } },
        "type": "default-arg",
        "locations": [
          { "start": { "line": 12, "column": 20 }, "end": { "line": 12, "column": null } }
        ],
        "line": 12
      },
      "1": {
        "loc": { "start": { "line": 13, "column": 2 }, "end": { "line": 13, "column": null } },
        "type": "default-arg",
        "locations": [
          { "start": { "line": 13, "column": 18 }, "end": { "line": 13, "column": null } }
        ],
        "line": 13
      },
      "2": {
        "loc": { "start": { "line": 14, "column": 2 }, "end": { "line": 14, "column": null } },
        "type": "default-arg",
        "locations": [
          { "start": { "line": 14, "column": 18 }, "end": { "line": 14, "column": null } }
        ],
        "line": 14
      },
      "3": {
        "loc": { "start": { "line": 70, "column": 10 }, "end": { "line": 72, "column": null } },
        "type": "cond-expr",
        "locations": [
          { "start": { "line": 71, "column": 14 }, "end": { "line": 71, "column": null } },
          { "start": { "line": 72, "column": 14 }, "end": { "line": 72, "column": null } }
        ],
        "line": 70
      },
      "4": {
        "loc": { "start": { "line": 89, "column": 10 }, "end": { "line": 91, "column": null } },
        "type": "cond-expr",
        "locations": [
          { "start": { "line": 90, "column": 14 }, "end": { "line": 90, "column": null } },
          { "start": { "line": 91, "column": 14 }, "end": { "line": 91, "column": null } }
        ],
        "line": 89
      },
      "5": {
        "loc": { "start": { "line": 114, "column": 10 }, "end": { "line": 116, "column": null } },
        "type": "if",
        "locations": [
          { "start": { "line": 114, "column": 10 }, "end": { "line": 116, "column": null } },
          { "start": {}, "end": {} }
        ],
        "line": 114
      },
      "6": {
        "loc": { "start": { "line": 118, "column": 10 }, "end": { "line": 120, "column": null } },
        "type": "if",
        "locations": [
          { "start": { "line": 118, "column": 10 }, "end": { "line": 120, "column": null } },
          { "start": {}, "end": {} }
        ],
        "line": 118
      },
      "7": {
        "loc": { "start": { "line": 151, "column": 4 }, "end": { "line": 151, "column": null } },
        "type": "if",
        "locations": [
          { "start": { "line": 151, "column": 4 }, "end": { "line": 151, "column": null } },
          { "start": {}, "end": {} }
        ],
        "line": 151
      },
      "8": {
        "loc": { "start": { "line": 161, "column": 8 }, "end": { "line": 164, "column": null } },
        "type": "binary-expr",
        "locations": [
          { "start": { "line": 161, "column": 8 }, "end": { "line": 161, "column": null } },
          { "start": { "line": 162, "column": 8 }, "end": { "line": 162, "column": null } },
          { "start": { "line": 163, "column": 8 }, "end": { "line": 163, "column": null } },
          { "start": { "line": 164, "column": 8 }, "end": { "line": 164, "column": null } }
        ],
        "line": 161
      }
    },
    "s": {
      "0": 0,
      "1": 0,
      "2": 0,
      "3": 0,
      "4": 0,
      "5": 0,
      "6": 0,
      "7": 0,
      "8": 0,
      "9": 0,
      "10": 0,
      "11": 0,
      "12": 0,
      "13": 0,
      "14": 0,
      "15": 0
    },
    "f": { "0": 0, "1": 0, "2": 0, "3": 0, "4": 0, "5": 0, "6": 0 },
    "b": {
      "0": [0],
      "1": [0],
      "2": [0],
      "3": [0, 0],
      "4": [0, 0],
      "5": [0, 0],
      "6": [0, 0],
      "7": [0, 0],
      "8": [0, 0, 0, 0]
    },
    "meta": {
      "lastBranch": 9,
      "lastFunction": 7,
      "lastStatement": 16,
      "seen": {
        "f:9:9:9:18": 0,
        "b:12:20:12:Infinity": 0,
        "b:13:18:13:Infinity": 1,
        "b:14:18:14:Infinity": 2,
        "s:21:8:21:Infinity": 0,
        "s:23:2:137:Infinity": 1,
        "f:34:29:34:30": 1,
        "s:34:39:34:Infinity": 2,
        "b:71:14:71:Infinity:72:14:72:Infinity": 3,
        "b:90:14:90:Infinity:91:14:91:Infinity": 4,
        "f:110:14:110:15": 2,
        "s:111:10:111:Infinity": 3,
        "f:113:17:113:18": 3,
        "b:114:10:116:Infinity:undefined:undefined:undefined:undefined": 5,
        "s:114:10:116:Infinity": 4,
        "s:115:12:115:Infinity": 5,
        "b:118:10:120:Infinity:undefined:undefined:undefined:undefined": 6,
        "s:118:10:120:Infinity": 6,
        "s:119:12:119:Infinity": 7,
        "s:122:10:122:Infinity": 8,
        "f:125:20:125:21": 4,
        "s:126:10:131:Infinity": 9,
        "f:141:9:141:27": 5,
        "s:147:8:147:Infinity": 10,
        "s:149:14:149:Infinity": 11,
        "s:150:2:152:Infinity": 12,
        "f:150:18:150:24": 6,
        "b:151:4:151:Infinity:undefined:undefined:undefined:undefined": 7,
        "s:151:4:151:Infinity": 13,
        "s:151:27:151:Infinity": 14,
        "s:154:2:175:Infinity": 15,
        "b:161:8:161:Infinity:162:8:162:Infinity:163:8:163:Infinity:164:8:164:Infinity": 8
      }
    }
  },
  "/Users/zhangqm/frontend/gapi/src/components/ui/card.tsx": {
    "path": "/Users/zhangqm/frontend/gapi/src/components/ui/card.tsx",
    "statementMap": {
      "0": { "start": { "line": 6, "column": 2 }, "end": { "line": 14, "column": null } },
      "1": { "start": { "line": 19, "column": 2 }, "end": { "line": 27, "column": null } },
      "2": { "start": { "line": 32, "column": 2 }, "end": { "line": 37, "column": null } },
      "3": { "start": { "line": 42, "column": 2 }, "end": { "line": 47, "column": null } },
      "4": { "start": { "line": 52, "column": 2 }, "end": { "line": 57, "column": null } },
      "5": { "start": { "line": 62, "column": 2 }, "end": { "line": 62, "column": null } },
      "6": { "start": { "line": 66, "column": 2 }, "end": { "line": 71, "column": null } }
    },
    "fnMap": {
      "0": {
        "name": "Card",
        "decl": { "start": { "line": 5, "column": 9 }, "end": { "line": 5, "column": 14 } },
        "loc": { "start": { "line": 5, "column": 68 }, "end": { "line": 16, "column": null } },
        "line": 5
      },
      "1": {
        "name": "CardHeader",
        "decl": { "start": { "line": 18, "column": 9 }, "end": { "line": 18, "column": 20 } },
        "loc": { "start": { "line": 18, "column": 74 }, "end": { "line": 29, "column": null } },
        "line": 18
      },
      "2": {
        "name": "CardTitle",
        "decl": { "start": { "line": 31, "column": 9 }, "end": { "line": 31, "column": 19 } },
        "loc": { "start": { "line": 31, "column": 73 }, "end": { "line": 39, "column": null } },
        "line": 31
      },
      "3": {
        "name": "CardDescription",
        "decl": { "start": { "line": 41, "column": 9 }, "end": { "line": 41, "column": 25 } },
        "loc": { "start": { "line": 41, "column": 79 }, "end": { "line": 49, "column": null } },
        "line": 41
      },
      "4": {
        "name": "CardAction",
        "decl": { "start": { "line": 51, "column": 9 }, "end": { "line": 51, "column": 20 } },
        "loc": { "start": { "line": 51, "column": 74 }, "end": { "line": 59, "column": null } },
        "line": 51
      },
      "5": {
        "name": "CardContent",
        "decl": { "start": { "line": 61, "column": 9 }, "end": { "line": 61, "column": 21 } },
        "loc": { "start": { "line": 61, "column": 75 }, "end": { "line": 63, "column": null } },
        "line": 61
      },
      "6": {
        "name": "CardFooter",
        "decl": { "start": { "line": 65, "column": 9 }, "end": { "line": 65, "column": 20 } },
        "loc": { "start": { "line": 65, "column": 74 }, "end": { "line": 73, "column": null } },
        "line": 65
      }
    },
    "branchMap": {},
    "s": { "0": 0, "1": 0, "2": 0, "3": 0, "4": 0, "5": 0, "6": 0 },
    "f": { "0": 0, "1": 0, "2": 0, "3": 0, "4": 0, "5": 0, "6": 0 },
    "b": {},
    "meta": {
      "lastBranch": 0,
      "lastFunction": 7,
      "lastStatement": 7,
      "seen": {
        "f:5:9:5:14": 0,
        "s:6:2:14:Infinity": 0,
        "f:18:9:18:20": 1,
        "s:19:2:27:Infinity": 1,
        "f:31:9:31:19": 2,
        "s:32:2:37:Infinity": 2,
        "f:41:9:41:25": 3,
        "s:42:2:47:Infinity": 3,
        "f:51:9:51:20": 4,
        "s:52:2:57:Infinity": 4,
        "f:61:9:61:21": 5,
        "s:62:2:62:Infinity": 5,
        "f:65:9:65:20": 6,
        "s:66:2:71:Infinity": 6
      }
    }
  },
  "/Users/zhangqm/frontend/gapi/src/components/ui/carousel.tsx": {
    "path": "/Users/zhangqm/frontend/gapi/src/components/ui/carousel.tsx",
    "statementMap": {
      "0": { "start": { "line": 30, "column": 24 }, "end": { "line": 30, "column": null } },
      "1": { "start": { "line": 33, "column": 18 }, "end": { "line": 33, "column": null } },
      "2": { "start": { "line": 35, "column": 2 }, "end": { "line": 37, "column": null } },
      "3": { "start": { "line": 36, "column": 4 }, "end": { "line": 36, "column": null } },
      "4": { "start": { "line": 39, "column": 2 }, "end": { "line": 39, "column": null } },
      "5": { "start": { "line": 51, "column": 25 }, "end": { "line": 57, "column": null } },
      "6": { "start": { "line": 58, "column": 44 }, "end": { "line": 58, "column": null } },
      "7": { "start": { "line": 59, "column": 44 }, "end": { "line": 59, "column": null } },
      "8": { "start": { "line": 61, "column": 19 }, "end": { "line": 65, "column": null } },
      "9": { "start": { "line": 62, "column": 4 }, "end": { "line": 62, "column": null } },
      "10": { "start": { "line": 62, "column": 14 }, "end": { "line": 62, "column": null } },
      "11": { "start": { "line": 63, "column": 4 }, "end": { "line": 63, "column": null } },
      "12": { "start": { "line": 64, "column": 4 }, "end": { "line": 64, "column": null } },
      "13": { "start": { "line": 67, "column": 21 }, "end": { "line": 69, "column": null } },
      "14": { "start": { "line": 68, "column": 4 }, "end": { "line": 68, "column": null } },
      "15": { "start": { "line": 71, "column": 21 }, "end": { "line": 73, "column": null } },
      "16": { "start": { "line": 72, "column": 4 }, "end": { "line": 72, "column": null } },
      "17": { "start": { "line": 75, "column": 24 }, "end": { "line": 86, "column": null } },
      "18": { "start": { "line": 77, "column": 6 }, "end": { "line": 83, "column": null } },
      "19": { "start": { "line": 78, "column": 8 }, "end": { "line": 78, "column": null } },
      "20": { "start": { "line": 79, "column": 8 }, "end": { "line": 79, "column": null } },
      "21": { "start": { "line": 80, "column": 6 }, "end": { "line": 83, "column": null } },
      "22": { "start": { "line": 81, "column": 8 }, "end": { "line": 81, "column": null } },
      "23": { "start": { "line": 82, "column": 8 }, "end": { "line": 82, "column": null } },
      "24": { "start": { "line": 88, "column": 2 }, "end": { "line": 91, "column": null } },
      "25": { "start": { "line": 89, "column": 4 }, "end": { "line": 89, "column": null } },
      "26": { "start": { "line": 89, "column": 25 }, "end": { "line": 89, "column": null } },
      "27": { "start": { "line": 90, "column": 4 }, "end": { "line": 90, "column": null } },
      "28": { "start": { "line": 93, "column": 2 }, "end": { "line": 102, "column": null } },
      "29": { "start": { "line": 94, "column": 4 }, "end": { "line": 94, "column": null } },
      "30": { "start": { "line": 94, "column": 14 }, "end": { "line": 94, "column": null } },
      "31": { "start": { "line": 95, "column": 4 }, "end": { "line": 95, "column": null } },
      "32": { "start": { "line": 96, "column": 4 }, "end": { "line": 96, "column": null } },
      "33": { "start": { "line": 97, "column": 4 }, "end": { "line": 97, "column": null } },
      "34": { "start": { "line": 99, "column": 4 }, "end": { "line": 101, "column": null } },
      "35": { "start": { "line": 100, "column": 6 }, "end": { "line": 100, "column": null } },
      "36": { "start": { "line": 104, "column": 2 }, "end": { "line": 127, "column": null } },
      "37": { "start": { "line": 132, "column": 39 }, "end": { "line": 132, "column": null } },
      "38": { "start": { "line": 134, "column": 2 }, "end": { "line": 140, "column": null } },
      "39": { "start": { "line": 145, "column": 26 }, "end": { "line": 145, "column": null } },
      "40": { "start": { "line": 147, "column": 2 }, "end": { "line": 158, "column": null } },
      "41": { "start": { "line": 168, "column": 53 }, "end": { "line": 168, "column": null } },
      "42": { "start": { "line": 170, "column": 2 }, "end": { "line": 188, "column": null } },
      "43": { "start": { "line": 198, "column": 53 }, "end": { "line": 198, "column": null } },
      "44": { "start": { "line": 200, "column": 2 }, "end": { "line": 218, "column": null } }
    },
    "fnMap": {
      "0": {
        "name": "useCarousel",
        "decl": { "start": { "line": 32, "column": 9 }, "end": { "line": 32, "column": 23 } },
        "loc": { "start": { "line": 32, "column": 23 }, "end": { "line": 40, "column": null } },
        "line": 32
      },
      "1": {
        "name": "Carousel",
        "decl": { "start": { "line": 42, "column": 9 }, "end": { "line": 42, "column": 18 } },
        "loc": { "start": { "line": 50, "column": 48 }, "end": { "line": 129, "column": null } },
        "line": 50
      },
      "2": {
        "name": "(anonymous_2)",
        "decl": { "start": { "line": 61, "column": 37 }, "end": { "line": 61, "column": 38 } },
        "loc": { "start": { "line": 61, "column": 59 }, "end": { "line": 65, "column": 5 } },
        "line": 61
      },
      "3": {
        "name": "(anonymous_3)",
        "decl": { "start": { "line": 67, "column": 39 }, "end": { "line": 67, "column": 45 } },
        "loc": { "start": { "line": 67, "column": 45 }, "end": { "line": 69, "column": 5 } },
        "line": 67
      },
      "4": {
        "name": "(anonymous_4)",
        "decl": { "start": { "line": 71, "column": 39 }, "end": { "line": 71, "column": 45 } },
        "loc": { "start": { "line": 71, "column": 45 }, "end": { "line": 73, "column": 5 } },
        "line": 71
      },
      "5": {
        "name": "(anonymous_5)",
        "decl": { "start": { "line": 76, "column": 4 }, "end": { "line": 76, "column": 5 } },
        "loc": { "start": { "line": 76, "column": 52 }, "end": { "line": 84, "column": null } },
        "line": 76
      },
      "6": {
        "name": "(anonymous_6)",
        "decl": { "start": { "line": 88, "column": 18 }, "end": { "line": 88, "column": 24 } },
        "loc": { "start": { "line": 88, "column": 24 }, "end": { "line": 91, "column": 5 } },
        "line": 88
      },
      "7": {
        "name": "(anonymous_7)",
        "decl": { "start": { "line": 93, "column": 18 }, "end": { "line": 93, "column": 24 } },
        "loc": { "start": { "line": 93, "column": 24 }, "end": { "line": 102, "column": 5 } },
        "line": 93
      },
      "8": {
        "name": "(anonymous_8)",
        "decl": { "start": { "line": 99, "column": 11 }, "end": { "line": 99, "column": 17 } },
        "loc": { "start": { "line": 99, "column": 17 }, "end": { "line": 101, "column": null } },
        "line": 99
      },
      "9": {
        "name": "CarouselContent",
        "decl": { "start": { "line": 131, "column": 9 }, "end": { "line": 131, "column": 25 } },
        "loc": { "start": { "line": 131, "column": 79 }, "end": { "line": 142, "column": null } },
        "line": 131
      },
      "10": {
        "name": "CarouselItem",
        "decl": { "start": { "line": 144, "column": 9 }, "end": { "line": 144, "column": 22 } },
        "loc": { "start": { "line": 144, "column": 76 }, "end": { "line": 160, "column": null } },
        "line": 144
      },
      "11": {
        "name": "CarouselPrevious",
        "decl": { "start": { "line": 162, "column": 9 }, "end": { "line": 162, "column": 26 } },
        "loc": { "start": { "line": 167, "column": 40 }, "end": { "line": 190, "column": null } },
        "line": 167
      },
      "12": {
        "name": "CarouselNext",
        "decl": { "start": { "line": 192, "column": 9 }, "end": { "line": 192, "column": 22 } },
        "loc": { "start": { "line": 197, "column": 40 }, "end": { "line": 220, "column": null } },
        "line": 197
      }
    },
    "branchMap": {
      "0": {
        "loc": { "start": { "line": 35, "column": 2 }, "end": { "line": 37, "column": null } },
        "type": "if",
        "locations": [
          { "start": { "line": 35, "column": 2 }, "end": { "line": 37, "column": null } },
          { "start": {}, "end": {} }
        ],
        "line": 35
      },
      "1": {
        "loc": { "start": { "line": 43, "column": 2 }, "end": { "line": 43, "column": null } },
        "type": "default-arg",
        "locations": [
          { "start": { "line": 43, "column": 16 }, "end": { "line": 43, "column": null } }
        ],
        "line": 43
      },
      "2": {
        "loc": { "start": { "line": 54, "column": 12 }, "end": { "line": 54, "column": null } },
        "type": "cond-expr",
        "locations": [
          { "start": { "line": 54, "column": 43 }, "end": { "line": 54, "column": 49 } },
          { "start": { "line": 54, "column": 49 }, "end": { "line": 54, "column": null } }
        ],
        "line": 54
      },
      "3": {
        "loc": { "start": { "line": 62, "column": 4 }, "end": { "line": 62, "column": null } },
        "type": "if",
        "locations": [
          { "start": { "line": 62, "column": 4 }, "end": { "line": 62, "column": null } },
          { "start": {}, "end": {} }
        ],
        "line": 62
      },
      "4": {
        "loc": { "start": { "line": 77, "column": 6 }, "end": { "line": 83, "column": null } },
        "type": "if",
        "locations": [
          { "start": { "line": 77, "column": 6 }, "end": { "line": 83, "column": null } },
          { "start": { "line": 80, "column": 6 }, "end": { "line": 83, "column": null } }
        ],
        "line": 77
      },
      "5": {
        "loc": { "start": { "line": 80, "column": 6 }, "end": { "line": 83, "column": null } },
        "type": "if",
        "locations": [
          { "start": { "line": 80, "column": 6 }, "end": { "line": 83, "column": null } },
          { "start": {}, "end": {} }
        ],
        "line": 80
      },
      "6": {
        "loc": { "start": { "line": 89, "column": 4 }, "end": { "line": 89, "column": null } },
        "type": "if",
        "locations": [
          { "start": { "line": 89, "column": 4 }, "end": { "line": 89, "column": null } },
          { "start": {}, "end": {} }
        ],
        "line": 89
      },
      "7": {
        "loc": { "start": { "line": 89, "column": 8 }, "end": { "line": 89, "column": 25 } },
        "type": "binary-expr",
        "locations": [
          { "start": { "line": 89, "column": 8 }, "end": { "line": 89, "column": 16 } },
          { "start": { "line": 89, "column": 16 }, "end": { "line": 89, "column": 25 } }
        ],
        "line": 89
      },
      "8": {
        "loc": { "start": { "line": 94, "column": 4 }, "end": { "line": 94, "column": null } },
        "type": "if",
        "locations": [
          { "start": { "line": 94, "column": 4 }, "end": { "line": 94, "column": null } },
          { "start": {}, "end": {} }
        ],
        "line": 94
      },
      "9": {
        "loc": { "start": { "line": 110, "column": 21 }, "end": { "line": 110, "column": null } },
        "type": "binary-expr",
        "locations": [
          { "start": { "line": 110, "column": 21 }, "end": { "line": 110, "column": 37 } },
          { "start": { "line": 110, "column": 37 }, "end": { "line": 110, "column": null } }
        ],
        "line": 110
      },
      "10": {
        "loc": { "start": { "line": 110, "column": 37 }, "end": { "line": 110, "column": null } },
        "type": "cond-expr",
        "locations": [
          { "start": { "line": 110, "column": 58 }, "end": { "line": 110, "column": 71 } },
          { "start": { "line": 110, "column": 71 }, "end": { "line": 110, "column": null } }
        ],
        "line": 110
      },
      "11": {
        "loc": { "start": { "line": 137, "column": 30 }, "end": { "line": 137, "column": 89 } },
        "type": "cond-expr",
        "locations": [
          { "start": { "line": 137, "column": 61 }, "end": { "line": 137, "column": 71 } },
          { "start": { "line": 137, "column": 71 }, "end": { "line": 137, "column": 89 } }
        ],
        "line": 137
      },
      "12": {
        "loc": { "start": { "line": 154, "column": 8 }, "end": { "line": 154, "column": null } },
        "type": "cond-expr",
        "locations": [
          { "start": { "line": 154, "column": 39 }, "end": { "line": 154, "column": 48 } },
          { "start": { "line": 154, "column": 48 }, "end": { "line": 154, "column": null } }
        ],
        "line": 154
      },
      "13": {
        "loc": { "start": { "line": 164, "column": 2 }, "end": { "line": 164, "column": null } },
        "type": "default-arg",
        "locations": [
          { "start": { "line": 164, "column": 12 }, "end": { "line": 164, "column": null } }
        ],
        "line": 164
      },
      "14": {
        "loc": { "start": { "line": 165, "column": 2 }, "end": { "line": 165, "column": null } },
        "type": "default-arg",
        "locations": [
          { "start": { "line": 165, "column": 9 }, "end": { "line": 165, "column": null } }
        ],
        "line": 165
      },
      "15": {
        "loc": { "start": { "line": 177, "column": 8 }, "end": { "line": 179, "column": null } },
        "type": "cond-expr",
        "locations": [
          { "start": { "line": 178, "column": 12 }, "end": { "line": 178, "column": null } },
          { "start": { "line": 179, "column": 12 }, "end": { "line": 179, "column": null } }
        ],
        "line": 177
      },
      "16": {
        "loc": { "start": { "line": 194, "column": 2 }, "end": { "line": 194, "column": null } },
        "type": "default-arg",
        "locations": [
          { "start": { "line": 194, "column": 12 }, "end": { "line": 194, "column": null } }
        ],
        "line": 194
      },
      "17": {
        "loc": { "start": { "line": 195, "column": 2 }, "end": { "line": 195, "column": null } },
        "type": "default-arg",
        "locations": [
          { "start": { "line": 195, "column": 9 }, "end": { "line": 195, "column": null } }
        ],
        "line": 195
      },
      "18": {
        "loc": { "start": { "line": 207, "column": 8 }, "end": { "line": 209, "column": null } },
        "type": "cond-expr",
        "locations": [
          { "start": { "line": 208, "column": 12 }, "end": { "line": 208, "column": null } },
          { "start": { "line": 209, "column": 12 }, "end": { "line": 209, "column": null } }
        ],
        "line": 207
      }
    },
    "s": {
      "0": 0,
      "1": 0,
      "2": 0,
      "3": 0,
      "4": 0,
      "5": 0,
      "6": 0,
      "7": 0,
      "8": 0,
      "9": 0,
      "10": 0,
      "11": 0,
      "12": 0,
      "13": 0,
      "14": 0,
      "15": 0,
      "16": 0,
      "17": 0,
      "18": 0,
      "19": 0,
      "20": 0,
      "21": 0,
      "22": 0,
      "23": 0,
      "24": 0,
      "25": 0,
      "26": 0,
      "27": 0,
      "28": 0,
      "29": 0,
      "30": 0,
      "31": 0,
      "32": 0,
      "33": 0,
      "34": 0,
      "35": 0,
      "36": 0,
      "37": 0,
      "38": 0,
      "39": 0,
      "40": 0,
      "41": 0,
      "42": 0,
      "43": 0,
      "44": 0
    },
    "f": {
      "0": 0,
      "1": 0,
      "2": 0,
      "3": 0,
      "4": 0,
      "5": 0,
      "6": 0,
      "7": 0,
      "8": 0,
      "9": 0,
      "10": 0,
      "11": 0,
      "12": 0
    },
    "b": {
      "0": [0, 0],
      "1": [0],
      "2": [0, 0],
      "3": [0, 0],
      "4": [0, 0],
      "5": [0, 0],
      "6": [0, 0],
      "7": [0, 0],
      "8": [0, 0],
      "9": [0, 0],
      "10": [0, 0],
      "11": [0, 0],
      "12": [0, 0],
      "13": [0],
      "14": [0],
      "15": [0, 0],
      "16": [0],
      "17": [0],
      "18": [0, 0]
    },
    "meta": {
      "lastBranch": 19,
      "lastFunction": 13,
      "lastStatement": 45,
      "seen": {
        "s:30:24:30:Infinity": 0,
        "f:32:9:32:23": 0,
        "s:33:18:33:Infinity": 1,
        "b:35:2:37:Infinity:undefined:undefined:undefined:undefined": 0,
        "s:35:2:37:Infinity": 2,
        "s:36:4:36:Infinity": 3,
        "s:39:2:39:Infinity": 4,
        "f:42:9:42:18": 1,
        "b:43:16:43:Infinity": 1,
        "s:51:25:57:Infinity": 5,
        "b:54:43:54:49:54:49:54:Infinity": 2,
        "s:58:44:58:Infinity": 6,
        "s:59:44:59:Infinity": 7,
        "s:61:19:65:Infinity": 8,
        "f:61:37:61:38": 2,
        "b:62:4:62:Infinity:undefined:undefined:undefined:undefined": 3,
        "s:62:4:62:Infinity": 9,
        "s:62:14:62:Infinity": 10,
        "s:63:4:63:Infinity": 11,
        "s:64:4:64:Infinity": 12,
        "s:67:21:69:Infinity": 13,
        "f:67:39:67:45": 3,
        "s:68:4:68:Infinity": 14,
        "s:71:21:73:Infinity": 15,
        "f:71:39:71:45": 4,
        "s:72:4:72:Infinity": 16,
        "s:75:24:86:Infinity": 17,
        "f:76:4:76:5": 5,
        "b:77:6:83:Infinity:80:6:83:Infinity": 4,
        "s:77:6:83:Infinity": 18,
        "s:78:8:78:Infinity": 19,
        "s:79:8:79:Infinity": 20,
        "b:80:6:83:Infinity:undefined:undefined:undefined:undefined": 5,
        "s:80:6:83:Infinity": 21,
        "s:81:8:81:Infinity": 22,
        "s:82:8:82:Infinity": 23,
        "s:88:2:91:Infinity": 24,
        "f:88:18:88:24": 6,
        "b:89:4:89:Infinity:undefined:undefined:undefined:undefined": 6,
        "s:89:4:89:Infinity": 25,
        "b:89:8:89:16:89:16:89:25": 7,
        "s:89:25:89:Infinity": 26,
        "s:90:4:90:Infinity": 27,
        "s:93:2:102:Infinity": 28,
        "f:93:18:93:24": 7,
        "b:94:4:94:Infinity:undefined:undefined:undefined:undefined": 8,
        "s:94:4:94:Infinity": 29,
        "s:94:14:94:Infinity": 30,
        "s:95:4:95:Infinity": 31,
        "s:96:4:96:Infinity": 32,
        "s:97:4:97:Infinity": 33,
        "s:99:4:101:Infinity": 34,
        "f:99:11:99:17": 8,
        "s:100:6:100:Infinity": 35,
        "s:104:2:127:Infinity": 36,
        "b:110:21:110:37:110:37:110:Infinity": 9,
        "b:110:58:110:71:110:71:110:Infinity": 10,
        "f:131:9:131:25": 9,
        "s:132:39:132:Infinity": 37,
        "s:134:2:140:Infinity": 38,
        "b:137:61:137:71:137:71:137:89": 11,
        "f:144:9:144:22": 10,
        "s:145:26:145:Infinity": 39,
        "s:147:2:158:Infinity": 40,
        "b:154:39:154:48:154:48:154:Infinity": 12,
        "f:162:9:162:26": 11,
        "b:164:12:164:Infinity": 13,
        "b:165:9:165:Infinity": 14,
        "s:168:53:168:Infinity": 41,
        "s:170:2:188:Infinity": 42,
        "b:178:12:178:Infinity:179:12:179:Infinity": 15,
        "f:192:9:192:22": 12,
        "b:194:12:194:Infinity": 16,
        "b:195:9:195:Infinity": 17,
        "s:198:53:198:Infinity": 43,
        "s:200:2:218:Infinity": 44,
        "b:208:12:208:Infinity:209:12:209:Infinity": 18
      }
    }
  },
  "/Users/zhangqm/frontend/gapi/src/components/ui/chart.tsx": {
    "path": "/Users/zhangqm/frontend/gapi/src/components/ui/chart.tsx",
    "statementMap": {
      "0": { "start": { "line": 8, "column": 15 }, "end": { "line": 8, "column": null } },
      "1": { "start": { "line": 24, "column": 21 }, "end": { "line": 24, "column": null } },
      "2": { "start": { "line": 27, "column": 18 }, "end": { "line": 27, "column": null } },
      "3": { "start": { "line": 29, "column": 2 }, "end": { "line": 31, "column": null } },
      "4": { "start": { "line": 30, "column": 4 }, "end": { "line": 30, "column": null } },
      "5": { "start": { "line": 33, "column": 2 }, "end": { "line": 33, "column": null } },
      "6": { "start": { "line": 46, "column": 19 }, "end": { "line": 46, "column": null } },
      "7": { "start": { "line": 47, "column": 18 }, "end": { "line": 47, "column": null } },
      "8": { "start": { "line": 49, "column": 2 }, "end": { "line": 63, "column": null } },
      "9": { "start": { "line": 67, "column": 19 }, "end": { "line": 94, "column": null } },
      "10": { "start": { "line": 68, "column": 22 }, "end": { "line": 68, "column": null } },
      "11": { "start": { "line": 68, "column": 68 }, "end": { "line": 68, "column": 96 } },
      "12": { "start": { "line": 70, "column": 2 }, "end": { "line": 72, "column": null } },
      "13": { "start": { "line": 71, "column": 4 }, "end": { "line": 71, "column": null } },
      "14": { "start": { "line": 74, "column": 2 }, "end": { "line": 92, "column": null } },
      "15": { "start": { "line": 79, "column": 33 }, "end": { "line": 86, "column": null } },
      "16": { "start": { "line": 83, "column": 18 }, "end": { "line": 83, "column": null } },
      "17": { "start": { "line": 84, "column": 4 }, "end": { "line": 84, "column": null } },
      "18": { "start": { "line": 96, "column": 21 }, "end": { "line": 96, "column": null } },
      "19": { "start": { "line": 120, "column": 21 }, "end": { "line": 120, "column": null } },
      "20": { "start": { "line": 122, "column": 23 }, "end": { "line": 146, "column": null } },
      "21": { "start": { "line": 123, "column": 4 }, "end": { "line": 125, "column": null } },
      "22": { "start": { "line": 124, "column": 6 }, "end": { "line": 124, "column": null } },
      "23": { "start": { "line": 127, "column": 19 }, "end": { "line": 127, "column": null } },
      "24": { "start": { "line": 128, "column": 16 }, "end": { "line": 128, "column": null } },
      "25": { "start": { "line": 129, "column": 23 }, "end": { "line": 129, "column": null } },
      "26": { "start": { "line": 131, "column": 6 }, "end": { "line": 133, "column": null } },
      "27": { "start": { "line": 135, "column": 4 }, "end": { "line": 139, "column": null } },
      "28": { "start": { "line": 136, "column": 6 }, "end": { "line": 137, "column": null } },
      "29": { "start": { "line": 141, "column": 4 }, "end": { "line": 143, "column": null } },
      "30": { "start": { "line": 142, "column": 6 }, "end": { "line": 142, "column": null } },
      "31": { "start": { "line": 145, "column": 4 }, "end": { "line": 145, "column": null } },
      "32": { "start": { "line": 148, "column": 2 }, "end": { "line": 150, "column": null } },
      "33": { "start": { "line": 149, "column": 4 }, "end": { "line": 149, "column": null } },
      "34": { "start": { "line": 152, "column": 20 }, "end": { "line": 152, "column": null } },
      "35": { "start": { "line": 154, "column": 2 }, "end": { "line": 230, "column": null } },
      "36": { "start": { "line": 164, "column": 28 }, "end": { "line": 164, "column": 48 } },
      "37": { "start": { "line": 166, "column": 24 }, "end": { "line": 166, "column": null } },
      "38": { "start": { "line": 167, "column": 31 }, "end": { "line": 167, "column": null } },
      "39": { "start": { "line": 168, "column": 35 }, "end": { "line": 168, "column": null } },
      "40": { "start": { "line": 170, "column": 12 }, "end": { "line": 226, "column": null } },
      "41": { "start": { "line": 234, "column": 20 }, "end": { "line": 234, "column": null } },
      "42": { "start": { "line": 247, "column": 21 }, "end": { "line": 247, "column": null } },
      "43": { "start": { "line": 249, "column": 2 }, "end": { "line": 251, "column": null } },
      "44": { "start": { "line": 250, "column": 4 }, "end": { "line": 250, "column": null } },
      "45": { "start": { "line": 253, "column": 2 }, "end": { "line": 288, "column": null } },
      "46": { "start": { "line": 262, "column": 26 }, "end": { "line": 262, "column": 46 } },
      "47": { "start": { "line": 264, "column": 22 }, "end": { "line": 264, "column": null } },
      "48": { "start": { "line": 265, "column": 29 }, "end": { "line": 265, "column": null } },
      "49": { "start": { "line": 267, "column": 10 }, "end": { "line": 285, "column": null } },
      "50": { "start": { "line": 294, "column": 2 }, "end": { "line": 296, "column": null } },
      "51": { "start": { "line": 295, "column": 4 }, "end": { "line": 295, "column": null } },
      "52": { "start": { "line": 299, "column": 4 }, "end": { "line": 301, "column": null } },
      "53": { "start": { "line": 303, "column": 31 }, "end": { "line": 303, "column": null } },
      "54": { "start": { "line": 305, "column": 2 }, "end": { "line": 313, "column": null } },
      "55": { "start": { "line": 306, "column": 4 }, "end": { "line": 306, "column": null } },
      "56": { "start": { "line": 307, "column": 2 }, "end": { "line": 313, "column": null } },
      "57": { "start": { "line": 312, "column": 4 }, "end": { "line": 312, "column": null } },
      "58": { "start": { "line": 315, "column": 2 }, "end": { "line": 315, "column": null } }
    },
    "fnMap": {
      "0": {
        "name": "useChart",
        "decl": { "start": { "line": 26, "column": 9 }, "end": { "line": 26, "column": 20 } },
        "loc": { "start": { "line": 26, "column": 20 }, "end": { "line": 34, "column": null } },
        "line": 26
      },
      "1": {
        "name": "ChartContainer",
        "decl": { "start": { "line": 36, "column": 9 }, "end": { "line": 36, "column": 24 } },
        "loc": { "start": { "line": 45, "column": 3 }, "end": { "line": 65, "column": null } },
        "line": 45
      },
      "2": {
        "name": "(anonymous_2)",
        "decl": { "start": { "line": 67, "column": 19 }, "end": { "line": 67, "column": 20 } },
        "loc": { "start": { "line": 67, "column": 76 }, "end": { "line": 94, "column": null } },
        "line": 67
      },
      "3": {
        "name": "(anonymous_3)",
        "decl": { "start": { "line": 68, "column": 52 }, "end": { "line": 68, "column": 53 } },
        "loc": { "start": { "line": 68, "column": 68 }, "end": { "line": 68, "column": 96 } },
        "line": 68
      },
      "4": {
        "name": "(anonymous_4)",
        "decl": { "start": { "line": 79, "column": 12 }, "end": { "line": 79, "column": 13 } },
        "loc": { "start": { "line": 79, "column": 33 }, "end": { "line": 86, "column": null } },
        "line": 79
      },
      "5": {
        "name": "(anonymous_5)",
        "decl": { "start": { "line": 82, "column": 7 }, "end": { "line": 82, "column": 8 } },
        "loc": { "start": { "line": 82, "column": 30 }, "end": { "line": 85, "column": 3 } },
        "line": 82
      },
      "6": {
        "name": "ChartTooltipContent",
        "decl": { "start": { "line": 98, "column": 9 }, "end": { "line": 98, "column": 29 } },
        "loc": { "start": { "line": 119, "column": 5 }, "end": { "line": 232, "column": null } },
        "line": 119
      },
      "7": {
        "name": "(anonymous_7)",
        "decl": { "start": { "line": 122, "column": 37 }, "end": { "line": 122, "column": 43 } },
        "loc": { "start": { "line": 122, "column": 43 }, "end": { "line": 146, "column": 5 } },
        "line": 122
      },
      "8": {
        "name": "(anonymous_8)",
        "decl": { "start": { "line": 164, "column": 18 }, "end": { "line": 164, "column": 19 } },
        "loc": { "start": { "line": 164, "column": 28 }, "end": { "line": 164, "column": 48 } },
        "line": 164
      },
      "9": {
        "name": "(anonymous_9)",
        "decl": { "start": { "line": 165, "column": 15 }, "end": { "line": 165, "column": 16 } },
        "loc": { "start": { "line": 165, "column": 32 }, "end": { "line": 228, "column": 11 } },
        "line": 165
      },
      "10": {
        "name": "ChartLegendContent",
        "decl": { "start": { "line": 236, "column": 9 }, "end": { "line": 236, "column": 28 } },
        "loc": { "start": { "line": 246, "column": 5 }, "end": { "line": 290, "column": null } },
        "line": 246
      },
      "11": {
        "name": "(anonymous_11)",
        "decl": { "start": { "line": 262, "column": 16 }, "end": { "line": 262, "column": 17 } },
        "loc": { "start": { "line": 262, "column": 26 }, "end": { "line": 262, "column": 46 } },
        "line": 262
      },
      "12": {
        "name": "(anonymous_12)",
        "decl": { "start": { "line": 263, "column": 13 }, "end": { "line": 263, "column": 14 } },
        "loc": { "start": { "line": 263, "column": 23 }, "end": { "line": 287, "column": 9 } },
        "line": 263
      },
      "13": {
        "name": "getPayloadConfigFromPayload",
        "decl": { "start": { "line": 293, "column": 9 }, "end": { "line": 293, "column": 37 } },
        "loc": { "start": { "line": 293, "column": 89 }, "end": { "line": 316, "column": null } },
        "line": 293
      }
    },
    "branchMap": {
      "0": {
        "loc": { "start": { "line": 29, "column": 2 }, "end": { "line": 31, "column": null } },
        "type": "if",
        "locations": [
          { "start": { "line": 29, "column": 2 }, "end": { "line": 31, "column": null } },
          { "start": {}, "end": {} }
        ],
        "line": 29
      },
      "1": {
        "loc": { "start": { "line": 47, "column": 27 }, "end": { "line": 47, "column": 59 } },
        "type": "binary-expr",
        "locations": [
          { "start": { "line": 47, "column": 27 }, "end": { "line": 47, "column": 33 } },
          { "start": { "line": 47, "column": 33 }, "end": { "line": 47, "column": 59 } }
        ],
        "line": 47
      },
      "2": {
        "loc": { "start": { "line": 68, "column": 68 }, "end": { "line": 68, "column": 96 } },
        "type": "binary-expr",
        "locations": [
          { "start": { "line": 68, "column": 68 }, "end": { "line": 68, "column": 84 } },
          { "start": { "line": 68, "column": 84 }, "end": { "line": 68, "column": 96 } }
        ],
        "line": 68
      },
      "3": {
        "loc": { "start": { "line": 70, "column": 2 }, "end": { "line": 72, "column": null } },
        "type": "if",
        "locations": [
          { "start": { "line": 70, "column": 2 }, "end": { "line": 72, "column": null } },
          { "start": {}, "end": {} }
        ],
        "line": 70
      },
      "4": {
        "loc": { "start": { "line": 83, "column": 18 }, "end": { "line": 83, "column": null } },
        "type": "binary-expr",
        "locations": [
          { "start": { "line": 83, "column": 18 }, "end": { "line": 83, "column": 80 } },
          { "start": { "line": 83, "column": 80 }, "end": { "line": 83, "column": null } }
        ],
        "line": 83
      },
      "5": {
        "loc": { "start": { "line": 84, "column": 11 }, "end": { "line": 84, "column": null } },
        "type": "cond-expr",
        "locations": [
          { "start": { "line": 84, "column": 19 }, "end": { "line": 84, "column": 51 } },
          { "start": { "line": 84, "column": 51 }, "end": { "line": 84, "column": null } }
        ],
        "line": 84
      },
      "6": {
        "loc": { "start": { "line": 102, "column": 2 }, "end": { "line": 102, "column": null } },
        "type": "default-arg",
        "locations": [
          { "start": { "line": 102, "column": 14 }, "end": { "line": 102, "column": null } }
        ],
        "line": 102
      },
      "7": {
        "loc": { "start": { "line": 103, "column": 2 }, "end": { "line": 103, "column": null } },
        "type": "default-arg",
        "locations": [
          { "start": { "line": 103, "column": 14 }, "end": { "line": 103, "column": null } }
        ],
        "line": 103
      },
      "8": {
        "loc": { "start": { "line": 104, "column": 2 }, "end": { "line": 104, "column": null } },
        "type": "default-arg",
        "locations": [
          { "start": { "line": 104, "column": 18 }, "end": { "line": 104, "column": null } }
        ],
        "line": 104
      },
      "9": {
        "loc": { "start": { "line": 123, "column": 4 }, "end": { "line": 125, "column": null } },
        "type": "if",
        "locations": [
          { "start": { "line": 123, "column": 4 }, "end": { "line": 125, "column": null } },
          { "start": {}, "end": {} }
        ],
        "line": 123
      },
      "10": {
        "loc": { "start": { "line": 123, "column": 8 }, "end": { "line": 123, "column": 39 } },
        "type": "binary-expr",
        "locations": [
          { "start": { "line": 123, "column": 8 }, "end": { "line": 123, "column": 21 } },
          { "start": { "line": 123, "column": 21 }, "end": { "line": 123, "column": 39 } }
        ],
        "line": 123
      },
      "11": {
        "loc": { "start": { "line": 128, "column": 19 }, "end": { "line": 128, "column": 69 } },
        "type": "binary-expr",
        "locations": [
          { "start": { "line": 128, "column": 19 }, "end": { "line": 128, "column": 31 } },
          { "start": { "line": 128, "column": 31 }, "end": { "line": 128, "column": 48 } },
          { "start": { "line": 128, "column": 48 }, "end": { "line": 128, "column": 62 } },
          { "start": { "line": 128, "column": 62 }, "end": { "line": 128, "column": 69 } }
        ],
        "line": 128
      },
      "12": {
        "loc": { "start": { "line": 131, "column": 6 }, "end": { "line": 133, "column": null } },
        "type": "cond-expr",
        "locations": [
          { "start": { "line": 132, "column": 10 }, "end": { "line": 132, "column": null } },
          { "start": { "line": 133, "column": 10 }, "end": { "line": 133, "column": null } }
        ],
        "line": 131
      },
      "13": {
        "loc": { "start": { "line": 131, "column": 6 }, "end": { "line": 131, "column": null } },
        "type": "binary-expr",
        "locations": [
          { "start": { "line": 131, "column": 6 }, "end": { "line": 131, "column": 19 } },
          { "start": { "line": 131, "column": 19 }, "end": { "line": 131, "column": null } }
        ],
        "line": 131
      },
      "14": {
        "loc": { "start": { "line": 132, "column": 10 }, "end": { "line": 132, "column": null } },
        "type": "binary-expr",
        "locations": [
          { "start": { "line": 132, "column": 10 }, "end": { "line": 132, "column": 57 } },
          { "start": { "line": 132, "column": 57 }, "end": { "line": 132, "column": null } }
        ],
        "line": 132
      },
      "15": {
        "loc": { "start": { "line": 135, "column": 4 }, "end": { "line": 139, "column": null } },
        "type": "if",
        "locations": [
          { "start": { "line": 135, "column": 4 }, "end": { "line": 139, "column": null } },
          { "start": {}, "end": {} }
        ],
        "line": 135
      },
      "16": {
        "loc": { "start": { "line": 141, "column": 4 }, "end": { "line": 143, "column": null } },
        "type": "if",
        "locations": [
          { "start": { "line": 141, "column": 4 }, "end": { "line": 143, "column": null } },
          { "start": {}, "end": {} }
        ],
        "line": 141
      },
      "17": {
        "loc": { "start": { "line": 148, "column": 2 }, "end": { "line": 150, "column": null } },
        "type": "if",
        "locations": [
          { "start": { "line": 148, "column": 2 }, "end": { "line": 150, "column": null } },
          { "start": {}, "end": {} }
        ],
        "line": 148
      },
      "18": {
        "loc": { "start": { "line": 148, "column": 6 }, "end": { "line": 148, "column": 35 } },
        "type": "binary-expr",
        "locations": [
          { "start": { "line": 148, "column": 6 }, "end": { "line": 148, "column": 17 } },
          { "start": { "line": 148, "column": 17 }, "end": { "line": 148, "column": 35 } }
        ],
        "line": 148
      },
      "19": {
        "loc": { "start": { "line": 152, "column": 20 }, "end": { "line": 152, "column": null } },
        "type": "binary-expr",
        "locations": [
          { "start": { "line": 152, "column": 20 }, "end": { "line": 152, "column": 44 } },
          { "start": { "line": 152, "column": 44 }, "end": { "line": 152, "column": null } }
        ],
        "line": 152
      },
      "20": {
        "loc": { "start": { "line": 161, "column": 7 }, "end": { "line": 161, "column": null } },
        "type": "cond-expr",
        "locations": [
          { "start": { "line": 161, "column": 20 }, "end": { "line": 161, "column": 35 } },
          { "start": { "line": 161, "column": 35 }, "end": { "line": 161, "column": null } }
        ],
        "line": 161
      },
      "21": {
        "loc": { "start": { "line": 166, "column": 27 }, "end": { "line": 166, "column": 74 } },
        "type": "binary-expr",
        "locations": [
          { "start": { "line": 166, "column": 27 }, "end": { "line": 166, "column": 38 } },
          { "start": { "line": 166, "column": 38 }, "end": { "line": 166, "column": 51 } },
          { "start": { "line": 166, "column": 51 }, "end": { "line": 166, "column": 67 } },
          { "start": { "line": 166, "column": 67 }, "end": { "line": 166, "column": 74 } }
        ],
        "line": 166
      },
      "22": {
        "loc": { "start": { "line": 168, "column": 35 }, "end": { "line": 168, "column": null } },
        "type": "binary-expr",
        "locations": [
          { "start": { "line": 168, "column": 35 }, "end": { "line": 168, "column": 44 } },
          { "start": { "line": 168, "column": 44 }, "end": { "line": 168, "column": 65 } },
          { "start": { "line": 168, "column": 65 }, "end": { "line": 168, "column": null } }
        ],
        "line": 168
      },
      "23": {
        "loc": { "start": { "line": 175, "column": 18 }, "end": { "line": 175, "column": null } },
        "type": "binary-expr",
        "locations": [
          { "start": { "line": 175, "column": 18 }, "end": { "line": 175, "column": 41 } },
          { "start": { "line": 175, "column": 41 }, "end": { "line": 175, "column": null } }
        ],
        "line": 175
      },
      "24": {
        "loc": { "start": { "line": 178, "column": 17 }, "end": { "line": 224, "column": null } },
        "type": "cond-expr",
        "locations": [
          { "start": { "line": 179, "column": 18 }, "end": { "line": 179, "column": null } },
          { "start": { "line": 181, "column": 18 }, "end": { "line": 224, "column": null } }
        ],
        "line": 178
      },
      "25": {
        "loc": { "start": { "line": 178, "column": 17 }, "end": { "line": 178, "column": null } },
        "type": "binary-expr",
        "locations": [
          { "start": { "line": 178, "column": 17 }, "end": { "line": 178, "column": 30 } },
          { "start": { "line": 178, "column": 30 }, "end": { "line": 178, "column": 59 } },
          { "start": { "line": 178, "column": 59 }, "end": { "line": 178, "column": null } }
        ],
        "line": 178
      },
      "26": {
        "loc": { "start": { "line": 182, "column": 21 }, "end": { "line": 203, "column": null } },
        "type": "cond-expr",
        "locations": [
          { "start": { "line": 183, "column": 22 }, "end": { "line": 183, "column": null } },
          { "start": { "line": 185, "column": 22 }, "end": { "line": 203, "column": null } }
        ],
        "line": 182
      },
      "27": {
        "loc": { "start": { "line": 185, "column": 22 }, "end": { "line": 203, "column": null } },
        "type": "binary-expr",
        "locations": [
          { "start": { "line": 185, "column": 22 }, "end": { "line": 185, "column": null } },
          { "start": { "line": 186, "column": 24 }, "end": { "line": 203, "column": null } }
        ],
        "line": 185
      },
      "28": {
        "loc": { "start": { "line": 194, "column": 40 }, "end": { "line": 194, "column": null } },
        "type": "binary-expr",
        "locations": [
          { "start": { "line": 194, "column": 40 }, "end": { "line": 194, "column": 53 } },
          { "start": { "line": 194, "column": 53 }, "end": { "line": 194, "column": null } }
        ],
        "line": 194
      },
      "29": {
        "loc": { "start": { "line": 209, "column": 24 }, "end": { "line": 209, "column": null } },
        "type": "cond-expr",
        "locations": [
          { "start": { "line": 209, "column": 36 }, "end": { "line": 209, "column": 50 } },
          { "start": { "line": 209, "column": 50 }, "end": { "line": 209, "column": null } }
        ],
        "line": 209
      },
      "30": {
        "loc": { "start": { "line": 213, "column": 25 }, "end": { "line": 213, "column": null } },
        "type": "cond-expr",
        "locations": [
          { "start": { "line": 213, "column": 37 }, "end": { "line": 213, "column": 52 } },
          { "start": { "line": 213, "column": 52 }, "end": { "line": 213, "column": null } }
        ],
        "line": 213
      },
      "31": {
        "loc": { "start": { "line": 215, "column": 27 }, "end": { "line": 215, "column": null } },
        "type": "binary-expr",
        "locations": [
          { "start": { "line": 215, "column": 27 }, "end": { "line": 215, "column": 48 } },
          { "start": { "line": 215, "column": 48 }, "end": { "line": 215, "column": null } }
        ],
        "line": 215
      },
      "32": {
        "loc": { "start": { "line": 218, "column": 23 }, "end": { "line": 221, "column": null } },
        "type": "binary-expr",
        "locations": [
          { "start": { "line": 218, "column": 23 }, "end": { "line": 218, "column": null } },
          { "start": { "line": 219, "column": 24 }, "end": { "line": 221, "column": null } }
        ],
        "line": 218
      },
      "33": {
        "loc": { "start": { "line": 238, "column": 2 }, "end": { "line": 238, "column": null } },
        "type": "default-arg",
        "locations": [
          { "start": { "line": 238, "column": 13 }, "end": { "line": 238, "column": null } }
        ],
        "line": 238
      },
      "34": {
        "loc": { "start": { "line": 240, "column": 2 }, "end": { "line": 240, "column": null } },
        "type": "default-arg",
        "locations": [
          { "start": { "line": 240, "column": 18 }, "end": { "line": 240, "column": null } }
        ],
        "line": 240
      },
      "35": {
        "loc": { "start": { "line": 249, "column": 2 }, "end": { "line": 251, "column": null } },
        "type": "if",
        "locations": [
          { "start": { "line": 249, "column": 2 }, "end": { "line": 251, "column": null } },
          { "start": {}, "end": {} }
        ],
        "line": 249
      },
      "36": {
        "loc": { "start": { "line": 257, "column": 8 }, "end": { "line": 257, "column": null } },
        "type": "cond-expr",
        "locations": [
          { "start": { "line": 257, "column": 34 }, "end": { "line": 257, "column": 43 } },
          { "start": { "line": 257, "column": 43 }, "end": { "line": 257, "column": null } }
        ],
        "line": 257
      },
      "37": {
        "loc": { "start": { "line": 264, "column": 25 }, "end": { "line": 264, "column": 59 } },
        "type": "binary-expr",
        "locations": [
          { "start": { "line": 264, "column": 25 }, "end": { "line": 264, "column": 36 } },
          { "start": { "line": 264, "column": 36 }, "end": { "line": 264, "column": 52 } },
          { "start": { "line": 264, "column": 52 }, "end": { "line": 264, "column": 59 } }
        ],
        "line": 264
      },
      "38": {
        "loc": { "start": { "line": 274, "column": 15 }, "end": { "line": 282, "column": null } },
        "type": "cond-expr",
        "locations": [
          { "start": { "line": 275, "column": 16 }, "end": { "line": 275, "column": null } },
          { "start": { "line": 277, "column": 16 }, "end": { "line": 282, "column": null } }
        ],
        "line": 274
[...]
        "loc": { "start": { "line": 14, "column": 54 }, "end": { "line": 55, "column": null } },
        "line": 14
      },
      "1": {
        "name": "(anonymous_1)",
        "decl": { "start": { "line": 16, "column": 4 }, "end": { "line": 16, "column": 11 } },
        "loc": { "start": { "line": 16, "column": 11 }, "end": { "line": 16, "column": null } },
        "line": 16
      },
      "2": {
        "name": "(anonymous_2)",
        "decl": { "start": { "line": 46, "column": 46 }, "end": { "line": 46, "column": 47 } },
        "loc": { "start": { "line": 47, "column": 8 }, "end": { "line": 51, "column": null } },
        "line": 47
      }
    },
    "branchMap": {
      "0": {
        "loc": { "start": { "line": 11, "column": 2 }, "end": { "line": 11, "column": null } },
        "type": "default-arg",
        "locations": [
          { "start": { "line": 11, "column": 8 }, "end": { "line": 11, "column": null } }
        ],
        "line": 11
      },
      "1": {
        "loc": { "start": { "line": 12, "column": 2 }, "end": { "line": 12, "column": null } },
        "type": "default-arg",
        "locations": [
          { "start": { "line": 12, "column": 8 }, "end": { "line": 12, "column": null } }
        ],
        "line": 12
      },
      "2": {
        "loc": { "start": { "line": 16, "column": 11 }, "end": { "line": 16, "column": null } },
        "type": "cond-expr",
        "locations": [
          { "start": { "line": 16, "column": 34 }, "end": { "line": 16, "column": 42 } },
          { "start": { "line": 16, "column": 42 }, "end": { "line": 16, "column": null } }
        ],
        "line": 16
      },
      "3": {
        "loc": { "start": { "line": 16, "column": 42 }, "end": { "line": 16, "column": null } },
        "type": "cond-expr",
        "locations": [
          { "start": { "line": 16, "column": 72 }, "end": { "line": 16, "column": 87 } },
          { "start": { "line": 16, "column": 87 }, "end": { "line": 16, "column": null } }
        ],
        "line": 16
      }
    },
    "s": { "0": 0, "1": 0, "2": 0, "3": 0 },
    "f": { "0": 0, "1": 0, "2": 0 },
    "b": { "0": [0], "1": [0], "2": [0, 0], "3": [0, 0] },
    "meta": {
      "lastBranch": 4,
      "lastFunction": 3,
      "lastStatement": 4,
      "seen": {
        "f:7:9:7:16": 0,
        "b:11:8:11:Infinity": 0,
        "b:12:8:12:Infinity": 1,
        "s:15:18:18:Infinity": 0,
        "f:16:4:16:11": 1,
        "s:16:11:16:Infinity": 1,
        "b:16:34:16:42:16:42:16:Infinity": 2,
        "b:16:72:16:87:16:87:16:Infinity": 3,
        "s:20:2:53:Infinity": 2,
        "f:46:46:46:47": 2,
        "s:47:8:51:Infinity": 3
      }
    }
  },
  "/Users/zhangqm/frontend/gapi/src/components/ui/sonner.tsx": {
    "path": "/Users/zhangqm/frontend/gapi/src/components/ui/sonner.tsx",
    "statementMap": {
      "0": { "start": { "line": 11, "column": 16 }, "end": { "line": 36, "column": null } },
      "1": { "start": { "line": 12, "column": 27 }, "end": { "line": 12, "column": null } },
      "2": { "start": { "line": 14, "column": 2 }, "end": { "line": 34, "column": null } }
    },
    "fnMap": {
      "0": {
        "name": "(anonymous_0)",
        "decl": { "start": { "line": 11, "column": 16 }, "end": { "line": 11, "column": 17 } },
        "loc": { "start": { "line": 11, "column": 48 }, "end": { "line": 36, "column": null } },
        "line": 11
      }
    },
    "branchMap": {
      "0": {
        "loc": { "start": { "line": 12, "column": 10 }, "end": { "line": 12, "column": 27 } },
        "type": "default-arg",
        "locations": [
          { "start": { "line": 12, "column": 18 }, "end": { "line": 12, "column": 27 } }
        ],
        "line": 12
      }
    },
    "s": { "0": 0, "1": 0, "2": 0 },
    "f": { "0": 0 },
    "b": { "0": [0] },
    "meta": {
      "lastBranch": 1,
      "lastFunction": 1,
      "lastStatement": 3,
      "seen": {
        "s:11:16:36:Infinity": 0,
        "f:11:16:11:17": 0,
        "s:12:27:12:Infinity": 1,
        "b:12:18:12:27": 0,
        "s:14:2:34:Infinity": 2
      }
    }
  },
  "/Users/zhangqm/frontend/gapi/src/components/ui/switch.tsx": {
    "path": "/Users/zhangqm/frontend/gapi/src/components/ui/switch.tsx",
    "statementMap": {
      "0": { "start": { "line": 14, "column": 2 }, "end": { "line": 30, "column": null } }
    },
    "fnMap": {
      "0": {
        "name": "Switch",
        "decl": { "start": { "line": 7, "column": 9 }, "end": { "line": 7, "column": 16 } },
        "loc": { "start": { "line": 13, "column": 3 }, "end": { "line": 32, "column": null } },
        "line": 13
      }
    },
    "branchMap": {
      "0": {
        "loc": { "start": { "line": 9, "column": 2 }, "end": { "line": 9, "column": null } },
        "type": "default-arg",
        "locations": [
          { "start": { "line": 9, "column": 9 }, "end": { "line": 9, "column": null } }
        ],
        "line": 9
      }
    },
    "s": { "0": 0 },
    "f": { "0": 0 },
    "b": { "0": [0] },
    "meta": {
      "lastBranch": 1,
      "lastFunction": 1,
      "lastStatement": 1,
      "seen": { "f:7:9:7:16": 0, "b:9:9:9:Infinity": 0, "s:14:2:30:Infinity": 0 }
    }
  },
  "/Users/zhangqm/frontend/gapi/src/components/ui/table.tsx": {
    "path": "/Users/zhangqm/frontend/gapi/src/components/ui/table.tsx",
    "statementMap": {
      "0": { "start": { "line": 6, "column": 2 }, "end": { "line": 13, "column": null } },
      "1": { "start": { "line": 18, "column": 2 }, "end": { "line": 18, "column": null } },
      "2": { "start": { "line": 22, "column": 2 }, "end": { "line": 27, "column": null } },
      "3": { "start": { "line": 32, "column": 2 }, "end": { "line": 37, "column": null } },
      "4": { "start": { "line": 42, "column": 2 }, "end": { "line": 50, "column": null } },
      "5": { "start": { "line": 55, "column": 2 }, "end": { "line": 63, "column": null } },
      "6": { "start": { "line": 68, "column": 2 }, "end": { "line": 76, "column": null } },
      "7": { "start": { "line": 81, "column": 2 }, "end": { "line": 86, "column": null } }
    },
    "fnMap": {
      "0": {
        "name": "Table",
        "decl": { "start": { "line": 5, "column": 9 }, "end": { "line": 5, "column": 15 } },
        "loc": { "start": { "line": 5, "column": 71 }, "end": { "line": 15, "column": null } },
        "line": 5
      },
      "1": {
        "name": "TableHeader",
        "decl": { "start": { "line": 17, "column": 9 }, "end": { "line": 17, "column": 21 } },
        "loc": { "start": { "line": 17, "column": 77 }, "end": { "line": 19, "column": null } },
        "line": 17
      },
      "2": {
        "name": "TableBody",
        "decl": { "start": { "line": 21, "column": 9 }, "end": { "line": 21, "column": 19 } },
        "loc": { "start": { "line": 21, "column": 75 }, "end": { "line": 29, "column": null } },
        "line": 21
      },
      "3": {
        "name": "TableFooter",
        "decl": { "start": { "line": 31, "column": 9 }, "end": { "line": 31, "column": 21 } },
        "loc": { "start": { "line": 31, "column": 77 }, "end": { "line": 39, "column": null } },
        "line": 31
      },
      "4": {
        "name": "TableRow",
        "decl": { "start": { "line": 41, "column": 9 }, "end": { "line": 41, "column": 18 } },
        "loc": { "start": { "line": 41, "column": 71 }, "end": { "line": 52, "column": null } },
        "line": 41
      },
      "5": {
        "name": "TableHead",
        "decl": { "start": { "line": 54, "column": 9 }, "end": { "line": 54, "column": 19 } },
        "loc": { "start": { "line": 54, "column": 72 }, "end": { "line": 65, "column": null } },
        "line": 54
      },
      "6": {
        "name": "TableCell",
        "decl": { "start": { "line": 67, "column": 9 }, "end": { "line": 67, "column": 19 } },
        "loc": { "start": { "line": 67, "column": 72 }, "end": { "line": 78, "column": null } },
        "line": 67
      },
      "7": {
        "name": "TableCaption",
        "decl": { "start": { "line": 80, "column": 9 }, "end": { "line": 80, "column": 22 } },
        "loc": { "start": { "line": 80, "column": 80 }, "end": { "line": 88, "column": null } },
        "line": 80
      }
    },
    "branchMap": {},
    "s": { "0": 0, "1": 0, "2": 0, "3": 0, "4": 0, "5": 0, "6": 0, "7": 0 },
    "f": { "0": 0, "1": 0, "2": 0, "3": 0, "4": 0, "5": 0, "6": 0, "7": 0 },
    "b": {},
    "meta": {
      "lastBranch": 0,
      "lastFunction": 8,
      "lastStatement": 8,
      "seen": {
        "f:5:9:5:15": 0,
        "s:6:2:13:Infinity": 0,
        "f:17:9:17:21": 1,
        "s:18:2:18:Infinity": 1,
        "f:21:9:21:19": 2,
        "s:22:2:27:Infinity": 2,
        "f:31:9:31:21": 3,
        "s:32:2:37:Infinity": 3,
        "f:41:9:41:18": 4,
        "s:42:2:50:Infinity": 4,
        "f:54:9:54:19": 5,
        "s:55:2:63:Infinity": 5,
        "f:67:9:67:19": 6,
        "s:68:2:76:Infinity": 6,
        "f:80:9:80:22": 7,
        "s:81:2:86:Infinity": 7
      }
    }
  },
  "/Users/zhangqm/frontend/gapi/src/components/ui/tabs.tsx": {
    "path": "/Users/zhangqm/frontend/gapi/src/components/ui/tabs.tsx",
    "statementMap": {
      "0": { "start": { "line": 13, "column": 2 }, "end": { "line": 20, "column": null } },
      "1": { "start": { "line": 24, "column": 6 }, "end": { "line": 37, "column": null } },
      "2": { "start": { "line": 44, "column": 2 }, "end": { "line": 50, "column": null } },
      "3": { "start": { "line": 55, "column": 2 }, "end": { "line": 66, "column": null } },
      "4": { "start": { "line": 71, "column": 2 }, "end": { "line": 76, "column": null } }
    },
    "fnMap": {
      "0": {
        "name": "Tabs",
        "decl": { "start": { "line": 8, "column": 9 }, "end": { "line": 8, "column": 14 } },
        "loc": { "start": { "line": 12, "column": 52 }, "end": { "line": 22, "column": null } },
        "line": 12
      },
      "1": {
        "name": "TabsList",
        "decl": { "start": { "line": 39, "column": 9 }, "end": { "line": 39, "column": 18 } },
        "loc": { "start": { "line": 43, "column": 92 }, "end": { "line": 52, "column": null } },
        "line": 43
      },
      "2": {
        "name": "TabsTrigger",
        "decl": { "start": { "line": 54, "column": 9 }, "end": { "line": 54, "column": 21 } },
        "loc": { "start": { "line": 54, "column": 98 }, "end": { "line": 68, "column": null } },
        "line": 54
      },
      "3": {
        "name": "TabsContent",
        "decl": { "start": { "line": 70, "column": 9 }, "end": { "line": 70, "column": 21 } },
        "loc": { "start": { "line": 70, "column": 98 }, "end": { "line": 78, "column": null } },
        "line": 70
      }
    },
    "branchMap": {
      "0": {
        "loc": { "start": { "line": 10, "column": 2 }, "end": { "line": 10, "column": null } },
        "type": "default-arg",
        "locations": [
          { "start": { "line": 10, "column": 16 }, "end": { "line": 10, "column": null } }
        ],
        "line": 10
      },
      "1": {
        "loc": { "start": { "line": 41, "column": 2 }, "end": { "line": 41, "column": null } },
        "type": "default-arg",
        "locations": [
          { "start": { "line": 41, "column": 12 }, "end": { "line": 41, "column": null } }
        ],
        "line": 41
      }
    },
    "s": { "0": 0, "1": 0, "2": 0, "3": 0, "4": 0 },
    "f": { "0": 0, "1": 0, "2": 0, "3": 0 },
    "b": { "0": [0], "1": [0] },
    "meta": {
      "lastBranch": 2,
      "lastFunction": 4,
      "lastStatement": 5,
      "seen": {
        "f:8:9:8:14": 0,
        "b:10:16:10:Infinity": 0,
        "s:13:2:20:Infinity": 0,
        "s:24:6:37:Infinity": 1,
        "f:39:9:39:18": 1,
        "b:41:12:41:Infinity": 1,
        "s:44:2:50:Infinity": 2,
        "f:54:9:54:21": 2,
        "s:55:2:66:Infinity": 3,
        "f:70:9:70:21": 3,
        "s:71:2:76:Infinity": 4
      }
    }
  },
  "/Users/zhangqm/frontend/gapi/src/components/ui/textarea.tsx": {
    "path": "/Users/zhangqm/frontend/gapi/src/components/ui/textarea.tsx",
    "statementMap": {
      "0": { "start": { "line": 6, "column": 2 }, "end": { "line": 14, "column": null } }
    },
    "fnMap": {
      "0": {
        "name": "Textarea",
        "decl": { "start": { "line": 5, "column": 9 }, "end": { "line": 5, "column": 18 } },
        "loc": { "start": { "line": 5, "column": 77 }, "end": { "line": 16, "column": null } },
        "line": 5
      }
    },
    "branchMap": {},
    "s": { "0": 0 },
    "f": { "0": 0 },
    "b": {},
    "meta": {
      "lastBranch": 0,
      "lastFunction": 1,
      "lastStatement": 1,
      "seen": { "f:5:9:5:18": 0, "s:6:2:14:Infinity": 0 }
    }
  },
  "/Users/zhangqm/frontend/gapi/src/components/ui/toggle-group.tsx": {
    "path": "/Users/zhangqm/frontend/gapi/src/components/ui/toggle-group.tsx",
    "statementMap": {
      "0": { "start": { "line": 11, "column": 27 }, "end": { "line": 19, "column": null } },
      "1": { "start": { "line": 32, "column": 2 }, "end": { "line": 48, "column": null } },
      "2": { "start": { "line": 59, "column": 18 }, "end": { "line": 59, "column": null } },
      "3": { "start": { "line": 61, "column": 2 }, "end": { "line": 79, "column": null } }
    },
    "fnMap": {
      "0": {
        "name": "ToggleGroup",
        "decl": { "start": { "line": 21, "column": 9 }, "end": { "line": 21, "column": 21 } },
        "loc": { "start": { "line": 31, "column": 5 }, "end": { "line": 50, "column": null } },
        "line": 31
      },
      "1": {
        "name": "ToggleGroupItem",
        "decl": { "start": { "line": 52, "column": 9 }, "end": { "line": 52, "column": 25 } },
        "loc": { "start": { "line": 58, "column": 97 }, "end": { "line": 81, "column": null } },
        "line": 58
      }
    },
    "branchMap": {
      "0": {
        "loc": { "start": { "line": 25, "column": 2 }, "end": { "line": 25, "column": null } },
        "type": "default-arg",
        "locations": [
          { "start": { "line": 25, "column": 12 }, "end": { "line": 25, "column": null } }
        ],
        "line": 25
      },
      "1": {
        "loc": { "start": { "line": 64, "column": 20 }, "end": { "line": 64, "column": null } },
        "type": "binary-expr",
        "locations": [
          { "start": { "line": 64, "column": 20 }, "end": { "line": 64, "column": 39 } },
          { "start": { "line": 64, "column": 39 }, "end": { "line": 64, "column": null } }
        ],
        "line": 64
      },
      "2": {
        "loc": { "start": { "line": 65, "column": 17 }, "end": { "line": 65, "column": null } },
        "type": "binary-expr",
        "locations": [
          { "start": { "line": 65, "column": 17 }, "end": { "line": 65, "column": 33 } },
          { "start": { "line": 65, "column": 33 }, "end": { "line": 65, "column": null } }
        ],
        "line": 65
      },
      "3": {
        "loc": { "start": { "line": 69, "column": 19 }, "end": { "line": 69, "column": null } },
        "type": "binary-expr",
        "locations": [
          { "start": { "line": 69, "column": 19 }, "end": { "line": 69, "column": 38 } },
          { "start": { "line": 69, "column": 38 }, "end": { "line": 69, "column": null } }
        ],
        "line": 69
      },
      "4": {
        "loc": { "start": { "line": 70, "column": 16 }, "end": { "line": 70, "column": null } },
        "type": "binary-expr",
        "locations": [
          { "start": { "line": 70, "column": 16 }, "end": { "line": 70, "column": 32 } },
          { "start": { "line": 70, "column": 32 }, "end": { "line": 70, "column": null } }
        ],
        "line": 70
      }
    },
    "s": { "0": 0, "1": 0, "2": 0, "3": 0 },
    "f": { "0": 0, "1": 0 },
    "b": { "0": [0], "1": [0, 0], "2": [0, 0], "3": [0, 0], "4": [0, 0] },
    "meta": {
      "lastBranch": 5,
      "lastFunction": 2,
      "lastStatement": 4,
      "seen": {
        "s:11:27:19:Infinity": 0,
        "f:21:9:21:21": 0,
        "b:25:12:25:Infinity": 0,
        "s:32:2:48:Infinity": 1,
        "f:52:9:52:25": 1,
        "s:59:18:59:Infinity": 2,
        "s:61:2:79:Infinity": 3,
        "b:64:20:64:39:64:39:64:Infinity": 1,
        "b:65:17:65:33:65:33:65:Infinity": 2,
        "b:69:19:69:38:69:38:69:Infinity": 3,
        "b:70:16:70:32:70:32:70:Infinity": 4
      }
    }
  },
  "/Users/zhangqm/frontend/gapi/src/components/ui/toggle.tsx": {
    "path": "/Users/zhangqm/frontend/gapi/src/components/ui/toggle.tsx",
    "statementMap": {
      "0": { "start": { "line": 8, "column": 6 }, "end": { "line": 28, "column": null } },
      "1": { "start": { "line": 36, "column": 2 }, "end": { "line": 41, "column": null } }
    },
    "fnMap": {
      "0": {
        "name": "Toggle",
        "decl": { "start": { "line": 30, "column": 9 }, "end": { "line": 30, "column": 16 } },
        "loc": { "start": { "line": 35, "column": 92 }, "end": { "line": 43, "column": null } },
        "line": 35
      }
    },
    "branchMap": {},
    "s": { "0": 0, "1": 0 },
    "f": { "0": 0 },
    "b": {},
    "meta": {
      "lastBranch": 0,
      "lastFunction": 1,
      "lastStatement": 2,
      "seen": { "s:8:6:28:Infinity": 0, "f:30:9:30:16": 0, "s:36:2:41:Infinity": 1 }
    }
  },
  "/Users/zhangqm/frontend/gapi/src/components/ui/tooltip.tsx": {
    "path": "/Users/zhangqm/frontend/gapi/src/components/ui/tooltip.tsx",
    "statementMap": {
      "0": { "start": { "line": 11, "column": 2 }, "end": { "line": 16, "column": null } },
      "1": { "start": { "line": 21, "column": 2 }, "end": { "line": 21, "column": null } },
      "2": { "start": { "line": 25, "column": 2 }, "end": { "line": 25, "column": null } },
      "3": { "start": { "line": 34, "column": 2 }, "end": { "line": 48, "column": null } }
    },
    "fnMap": {
      "0": {
        "name": "TooltipProvider",
        "decl": { "start": { "line": 7, "column": 9 }, "end": { "line": 7, "column": 25 } },
        "loc": { "start": { "line": 10, "column": 59 }, "end": { "line": 18, "column": null } },
        "line": 10
      },
      "1": {
        "name": "Tooltip",
        "decl": { "start": { "line": 20, "column": 9 }, "end": { "line": 20, "column": 17 } },
        "loc": { "start": { "line": 20, "column": 83 }, "end": { "line": 22, "column": null } },
        "line": 20
      },
      "2": {
        "name": "TooltipTrigger",
        "decl": { "start": { "line": 24, "column": 9 }, "end": { "line": 24, "column": 24 } },
        "loc": { "start": { "line": 24, "column": 93 }, "end": { "line": 26, "column": null } },
        "line": 24
      },
      "3": {
        "name": "TooltipContent",
        "decl": { "start": { "line": 28, "column": 9 }, "end": { "line": 28, "column": 24 } },
        "loc": { "start": { "line": 33, "column": 58 }, "end": { "line": 50, "column": null } },
        "line": 33
      }
    },
    "branchMap": {
      "0": {
        "loc": { "start": { "line": 8, "column": 2 }, "end": { "line": 8, "column": null } },
        "type": "default-arg",
        "locations": [
          { "start": { "line": 8, "column": 18 }, "end": { "line": 8, "column": null } }
        ],
        "line": 8
      },
      "1": {
        "loc": { "start": { "line": 30, "column": 2 }, "end": { "line": 30, "column": null } },
        "type": "default-arg",
        "locations": [
          { "start": { "line": 30, "column": 15 }, "end": { "line": 30, "column": null } }
        ],
        "line": 30
      }
    },
    "s": { "0": 0, "1": 0, "2": 0, "3": 0 },
    "f": { "0": 0, "1": 0, "2": 0, "3": 0 },
    "b": { "0": [0], "1": [0] },
    "meta": {
      "lastBranch": 2,
      "lastFunction": 4,
      "lastStatement": 4,
      "seen": {
        "f:7:9:7:25": 0,
        "b:8:18:8:Infinity": 0,
        "s:11:2:16:Infinity": 0,
        "f:20:9:20:17": 1,
        "s:21:2:21:Infinity": 1,
        "f:24:9:24:24": 2,
        "s:25:2:25:Infinity": 2,
        "f:28:9:28:24": 3,
        "b:30:15:30:Infinity": 1,
        "s:34:2:48:Infinity": 3
      }
    }
  }
}
